2019-10-16T02:24:12+00:00 ERR (3): 
Zend_Mail_Protocol_Exception: 5.7.14 \<https://accounts.google.com/signin/continue\?sarp=1&scc=1&plt=AKgnsbv8
 5.7.14 BU5KvvFWXI3MisMVAR6ajdBwrM4HUzcg9egAZiIhHO2fXlfJ8Bvh9qiluSdaRrpdds5eF5
 5.7.14 ZcLHXnfbYAjBnAyfKDSPGKsMi9zB3inPdS7UN8LzSPPDVCWzTmqcXJm2UeE9Nw> Please
 5.7.14 log in via your web browser and then try again.
 5.7.14  Learn more at
 5.7.14  https://support.google.com/mail/answer/78754 v94sm11096897qtd.43 - gsmtp
 in /Users/Vanssiler/Desktop/TRABALHOS/SMARTUX/CLIENTES/EVOLUTION NUTRITION/evolution/lib/Zend/Mail/Protocol/Abstract.php:431
Stack trace:
#0 /Users/Vanssiler/Desktop/TRABALHOS/SMARTUX/CLIENTES/EVOLUTION NUTRITION/evolution/lib/Zend/Mail/Protocol/Smtp/Auth/Login.php(95): Zend_Mail_Protocol_Abstract->_expect(Array)
#1 /Users/Vanssiler/Desktop/TRABALHOS/SMARTUX/CLIENTES/EVOLUTION NUTRITION/evolution/lib/Zend/Mail/Protocol/Smtp.php(217): Zend_Mail_Protocol_Smtp_Auth_Login->auth()
#2 /Users/Vanssiler/Desktop/TRABALHOS/SMARTUX/CLIENTES/EVOLUTION NUTRITION/evolution/lib/Zend/Mail/Transport/Smtp.php(200): Zend_Mail_Protocol_Smtp->helo('localhost')
#3 /Users/Vanssiler/Desktop/TRABALHOS/SMARTUX/CLIENTES/EVOLUTION NUTRITION/evolution/lib/Zend/Mail/Transport/Abstract.php(348): Zend_Mail_Transport_Smtp->_sendMail()
#4 /Users/Vanssiler/Desktop/TRABALHOS/SMARTUX/CLIENTES/EVOLUTION NUTRITION/evolution/lib/Zend/Mail.php(1194): Zend_Mail_Transport_Abstract->send(Object(Zend_Mail))
#5 /Users/Vanssiler/Desktop/TRABALHOS/SMARTUX/CLIENTES/EVOLUTION NUTRITION/evolution/app/code/local/Aschroder/SMTPPro/Model/Email/Template.php(132): Zend_Mail->send(Object(Zend_Mail_Transport_Smtp))
#6 /Users/Vanssiler/Desktop/TRABALHOS/SMARTUX/CLIENTES/EVOLUTION NUTRITION/evolution/app/code/core/Mage/Core/Model/Email/Template.php(509): Aschroder_SMTPPro_Model_Email_Template->send('contato@evoluti...', 'Evolution Nutri...', Array)
#7 /Users/Vanssiler/Desktop/TRABALHOS/SMARTUX/CLIENTES/EVOLUTION NUTRITION/evolution/app/code/core/Mage/Checkout/Helper/Data.php(245): Mage_Core_Model_Email_Template->sendTransactional('checkout_paymen...', 'general', 'contato@evoluti...', 'Evolution Nutri...', Array)
#8 /Users/Vanssiler/Desktop/TRABALHOS/SMARTUX/CLIENTES/EVOLUTION NUTRITION/evolution/app/code/local/MGS/Oscheckout/controllers/IndexController.php(519): Mage_Checkout_Helper_Data->sendPaymentFailedEmail(Object(Mage_Sales_Model_Quote), 'Esse e-mail de ...')
#9 /Users/Vanssiler/Desktop/TRABALHOS/SMARTUX/CLIENTES/EVOLUTION NUTRITION/evolution/app/code/core/Mage/Core/Controller/Varien/Action.php(418): MGS_Oscheckout_IndexController->saveOrderAction()
#10 /Users/Vanssiler/Desktop/TRABALHOS/SMARTUX/CLIENTES/EVOLUTION NUTRITION/evolution/app/code/core/Mage/Core/Controller/Varien/Router/Standard.php(254): Mage_Core_Controller_Varien_Action->dispatch('saveOrder')
#11 /Users/Vanssiler/Desktop/TRABALHOS/SMARTUX/CLIENTES/EVOLUTION NUTRITION/evolution/app/code/core/Mage/Core/Controller/Varien/Front.php(172): Mage_Core_Controller_Varien_Router_Standard->match(Object(Mage_Core_Controller_Request_Http))
#12 /Users/Vanssiler/Desktop/TRABALHOS/SMARTUX/CLIENTES/EVOLUTION NUTRITION/evolution/app/code/core/Mage/Core/Model/App.php(365): Mage_Core_Controller_Varien_Front->dispatch()
#13 /Users/Vanssiler/Desktop/TRABALHOS/SMARTUX/CLIENTES/EVOLUTION NUTRITION/evolution/app/Mage.php(683): Mage_Core_Model_App->run(Array)
#14 /Users/Vanssiler/Desktop/TRABALHOS/SMARTUX/CLIENTES/EVOLUTION NUTRITION/evolution/index.php(83): Mage::run('', 'store')
#15 {main}
2019-10-16T02:25:01+00:00 ERR (3): 
Zend_Mail_Protocol_Exception: 5.7.14 \<https://accounts.google.com/signin/continue\?sarp=1&scc=1&plt=AKgnsbtV
 5.7.14 NPKlD10om2QptUolH2Bs3LCcZcdwQvvsE7IwIppUsbN4cUbibSKQub-kjVP20UTA_iwJ7J
 5.7.14 IeS9-h3FLriq3oak5-SOVF_DhdEuNGvl5NxztrJtm8fAcQUbPDNPKHcoURQdZa> Please
 5.7.14 log in via your web browser and then try again.
 5.7.14  Learn more at
 5.7.14  https://support.google.com/mail/answer/78754 64sm10288917qkk.63 - gsmtp
 in /Users/Vanssiler/Desktop/TRABALHOS/SMARTUX/CLIENTES/EVOLUTION NUTRITION/evolution/lib/Zend/Mail/Protocol/Abstract.php:431
Stack trace:
#0 /Users/Vanssiler/Desktop/TRABALHOS/SMARTUX/CLIENTES/EVOLUTION NUTRITION/evolution/lib/Zend/Mail/Protocol/Smtp/Auth/Login.php(95): Zend_Mail_Protocol_Abstract->_expect(Array)
#1 /Users/Vanssiler/Desktop/TRABALHOS/SMARTUX/CLIENTES/EVOLUTION NUTRITION/evolution/lib/Zend/Mail/Protocol/Smtp.php(217): Zend_Mail_Protocol_Smtp_Auth_Login->auth()
#2 /Users/Vanssiler/Desktop/TRABALHOS/SMARTUX/CLIENTES/EVOLUTION NUTRITION/evolution/lib/Zend/Mail/Transport/Smtp.php(200): Zend_Mail_Protocol_Smtp->helo('localhost')
#3 /Users/Vanssiler/Desktop/TRABALHOS/SMARTUX/CLIENTES/EVOLUTION NUTRITION/evolution/lib/Zend/Mail/Transport/Abstract.php(348): Zend_Mail_Transport_Smtp->_sendMail()
#4 /Users/Vanssiler/Desktop/TRABALHOS/SMARTUX/CLIENTES/EVOLUTION NUTRITION/evolution/lib/Zend/Mail.php(1194): Zend_Mail_Transport_Abstract->send(Object(Zend_Mail))
#5 /Users/Vanssiler/Desktop/TRABALHOS/SMARTUX/CLIENTES/EVOLUTION NUTRITION/evolution/app/code/local/Aschroder/SMTPPro/Model/Email/Template.php(132): Zend_Mail->send(Object(Zend_Mail_Transport_Smtp))
#6 /Users/Vanssiler/Desktop/TRABALHOS/SMARTUX/CLIENTES/EVOLUTION NUTRITION/evolution/app/code/core/Mage/Core/Model/Email/Template.php(509): Aschroder_SMTPPro_Model_Email_Template->send('contato@evoluti...', 'Evolution Nutri...', Array)
#7 /Users/Vanssiler/Desktop/TRABALHOS/SMARTUX/CLIENTES/EVOLUTION NUTRITION/evolution/app/code/core/Mage/Checkout/Helper/Data.php(245): Mage_Core_Model_Email_Template->sendTransactional('checkout_paymen...', 'general', 'contato@evoluti...', 'Evolution Nutri...', Array)
#8 /Users/Vanssiler/Desktop/TRABALHOS/SMARTUX/CLIENTES/EVOLUTION NUTRITION/evolution/app/code/local/MGS/Oscheckout/controllers/IndexController.php(530): Mage_Checkout_Helper_Data->sendPaymentFailedEmail(Object(Mage_Sales_Model_Quote), 'Falha no pagame...')
#9 /Users/Vanssiler/Desktop/TRABALHOS/SMARTUX/CLIENTES/EVOLUTION NUTRITION/evolution/app/code/core/Mage/Core/Controller/Varien/Action.php(418): MGS_Oscheckout_IndexController->saveOrderAction()
#10 /Users/Vanssiler/Desktop/TRABALHOS/SMARTUX/CLIENTES/EVOLUTION NUTRITION/evolution/app/code/core/Mage/Core/Controller/Varien/Router/Standard.php(254): Mage_Core_Controller_Varien_Action->dispatch('saveOrder')
#11 /Users/Vanssiler/Desktop/TRABALHOS/SMARTUX/CLIENTES/EVOLUTION NUTRITION/evolution/app/code/core/Mage/Core/Controller/Varien/Front.php(172): Mage_Core_Controller_Varien_Router_Standard->match(Object(Mage_Core_Controller_Request_Http))
#12 /Users/Vanssiler/Desktop/TRABALHOS/SMARTUX/CLIENTES/EVOLUTION NUTRITION/evolution/app/code/core/Mage/Core/Model/App.php(365): Mage_Core_Controller_Varien_Front->dispatch()
#13 /Users/Vanssiler/Desktop/TRABALHOS/SMARTUX/CLIENTES/EVOLUTION NUTRITION/evolution/app/Mage.php(683): Mage_Core_Model_App->run(Array)
#14 /Users/Vanssiler/Desktop/TRABALHOS/SMARTUX/CLIENTES/EVOLUTION NUTRITION/evolution/index.php(83): Mage::run('', 'store')
#15 {main}
2019-10-16T04:39:52+00:00 ERR (3): 
Exception: Error during unserialization in /Users/Vanssiler/Desktop/TRABALHOS/SMARTUX/CLIENTES/EVOLUTION NUTRITION/evolution/lib/Unserialize/Parser.php:60
Stack trace:
#0 /Users/Vanssiler/Desktop/TRABALHOS/SMARTUX/CLIENTES/EVOLUTION NUTRITION/evolution/app/code/core/Mage/Core/Helper/UnserializeArray.php(44): Unserialize_Parser->unserialize(Object(Mage_Core_Model_Config_Element))
#1 /Users/Vanssiler/Desktop/TRABALHOS/SMARTUX/CLIENTES/EVOLUTION NUTRITION/evolution/app/code/core/Mage/Adminhtml/Model/System/Config/Backend/Serialized.php(37): Mage_Core_Helper_UnserializeArray->unserialize(Object(Mage_Core_Model_Config_Element))
#2 /Users/Vanssiler/Desktop/TRABALHOS/SMARTUX/CLIENTES/EVOLUTION NUTRITION/evolution/app/code/core/Mage/Core/Model/Config/Data.php(78): Mage_Adminhtml_Model_System_Config_Backend_Serialized->_afterLoad()
#3 /Users/Vanssiler/Desktop/TRABALHOS/SMARTUX/CLIENTES/EVOLUTION NUTRITION/evolution/app/code/core/Mage/Adminhtml/Block/System/Config/Form.php(334): Mage_Core_Model_Config_Data->afterLoad()
#4 /Users/Vanssiler/Desktop/TRABALHOS/SMARTUX/CLIENTES/EVOLUTION NUTRITION/evolution/app/code/core/Mage/Adminhtml/Block/System/Config/Form.php(229): Mage_Adminhtml_Block_System_Config_Form->initFields(Object(Varien_Data_Form_Element_Fieldset), Object(Mage_Core_Model_Config_Element), Object(Mage_Core_Model_Config_Element))
#5 /Users/Vanssiler/Desktop/TRABALHOS/SMARTUX/CLIENTES/EVOLUTION NUTRITION/evolution/app/code/core/Mage/Adminhtml/Block/System/Config/Form.php(164): Mage_Adminhtml_Block_System_Config_Form->_initGroup(Object(Varien_Data_Form), Object(Mage_Core_Model_Config_Element), Object(Mage_Core_Model_Config_Element))
#6 /Users/Vanssiler/Desktop/TRABALHOS/SMARTUX/CLIENTES/EVOLUTION NUTRITION/evolution/app/code/core/Mage/Adminhtml/Block/System/Config/Edit.php(92): Mage_Adminhtml_Block_System_Config_Form->initForm()
#7 /Users/Vanssiler/Desktop/TRABALHOS/SMARTUX/CLIENTES/EVOLUTION NUTRITION/evolution/app/code/core/Mage/Adminhtml/controllers/System/ConfigController.php(107): Mage_Adminhtml_Block_System_Config_Edit->initForm()
#8 /Users/Vanssiler/Desktop/TRABALHOS/SMARTUX/CLIENTES/EVOLUTION NUTRITION/evolution/app/code/core/Mage/Core/Controller/Varien/Action.php(418): Mage_Adminhtml_System_ConfigController->editAction()
#9 /Users/Vanssiler/Desktop/TRABALHOS/SMARTUX/CLIENTES/EVOLUTION NUTRITION/evolution/app/code/core/Mage/Core/Controller/Varien/Router/Standard.php(254): Mage_Core_Controller_Varien_Action->dispatch('edit')
#10 /Users/Vanssiler/Desktop/TRABALHOS/SMARTUX/CLIENTES/EVOLUTION NUTRITION/evolution/app/code/core/Mage/Core/Controller/Varien/Front.php(172): Mage_Core_Controller_Varien_Router_Standard->match(Object(Mage_Core_Controller_Request_Http))
#11 /Users/Vanssiler/Desktop/TRABALHOS/SMARTUX/CLIENTES/EVOLUTION NUTRITION/evolution/app/code/core/Mage/Core/Model/App.php(365): Mage_Core_Controller_Varien_Front->dispatch()
#12 /Users/Vanssiler/Desktop/TRABALHOS/SMARTUX/CLIENTES/EVOLUTION NUTRITION/evolution/app/Mage.php(683): Mage_Core_Model_App->run(Array)
#13 /Users/Vanssiler/Desktop/TRABALHOS/SMARTUX/CLIENTES/EVOLUTION NUTRITION/evolution/index.php(83): Mage::run('', 'store')
#14 {main}
2019-10-16T04:44:12+00:00 ERR (3): 
Exception: Error during unserialization in /Users/Vanssiler/Desktop/TRABALHOS/SMARTUX/CLIENTES/EVOLUTION NUTRITION/evolution/lib/Unserialize/Parser.php:60
Stack trace:
#0 /Users/Vanssiler/Desktop/TRABALHOS/SMARTUX/CLIENTES/EVOLUTION NUTRITION/evolution/app/code/core/Mage/Core/Helper/UnserializeArray.php(44): Unserialize_Parser->unserialize(Object(Mage_Core_Model_Config_Element))
#1 /Users/Vanssiler/Desktop/TRABALHOS/SMARTUX/CLIENTES/EVOLUTION NUTRITION/evolution/app/code/core/Mage/Adminhtml/Model/System/Config/Backend/Serialized.php(37): Mage_Core_Helper_UnserializeArray->unserialize(Object(Mage_Core_Model_Config_Element))
#2 /Users/Vanssiler/Desktop/TRABALHOS/SMARTUX/CLIENTES/EVOLUTION NUTRITION/evolution/app/code/core/Mage/Core/Model/Config/Data.php(78): Mage_Adminhtml_Model_System_Config_Backend_Serialized->_afterLoad()
#3 /Users/Vanssiler/Desktop/TRABALHOS/SMARTUX/CLIENTES/EVOLUTION NUTRITION/evolution/app/code/core/Mage/Adminhtml/Block/System/Config/Form.php(334): Mage_Core_Model_Config_Data->afterLoad()
#4 /Users/Vanssiler/Desktop/TRABALHOS/SMARTUX/CLIENTES/EVOLUTION NUTRITION/evolution/app/code/core/Mage/Adminhtml/Block/System/Config/Form.php(229): Mage_Adminhtml_Block_System_Config_Form->initFields(Object(Varien_Data_Form_Element_Fieldset), Object(Mage_Core_Model_Config_Element), Object(Mage_Core_Model_Config_Element))
#5 /Users/Vanssiler/Desktop/TRABALHOS/SMARTUX/CLIENTES/EVOLUTION NUTRITION/evolution/app/code/core/Mage/Adminhtml/Block/System/Config/Form.php(164): Mage_Adminhtml_Block_System_Config_Form->_initGroup(Object(Varien_Data_Form), Object(Mage_Core_Model_Config_Element), Object(Mage_Core_Model_Config_Element))
#6 /Users/Vanssiler/Desktop/TRABALHOS/SMARTUX/CLIENTES/EVOLUTION NUTRITION/evolution/app/code/core/Mage/Adminhtml/Block/System/Config/Edit.php(92): Mage_Adminhtml_Block_System_Config_Form->initForm()
#7 /Users/Vanssiler/Desktop/TRABALHOS/SMARTUX/CLIENTES/EVOLUTION NUTRITION/evolution/app/code/core/Mage/Adminhtml/controllers/System/ConfigController.php(107): Mage_Adminhtml_Block_System_Config_Edit->initForm()
#8 /Users/Vanssiler/Desktop/TRABALHOS/SMARTUX/CLIENTES/EVOLUTION NUTRITION/evolution/app/code/core/Mage/Core/Controller/Varien/Action.php(418): Mage_Adminhtml_System_ConfigController->editAction()
#9 /Users/Vanssiler/Desktop/TRABALHOS/SMARTUX/CLIENTES/EVOLUTION NUTRITION/evolution/app/code/core/Mage/Core/Controller/Varien/Router/Standard.php(254): Mage_Core_Controller_Varien_Action->dispatch('edit')
#10 /Users/Vanssiler/Desktop/TRABALHOS/SMARTUX/CLIENTES/EVOLUTION NUTRITION/evolution/app/code/core/Mage/Core/Controller/Varien/Front.php(172): Mage_Core_Controller_Varien_Router_Standard->match(Object(Mage_Core_Controller_Request_Http))
#11 /Users/Vanssiler/Desktop/TRABALHOS/SMARTUX/CLIENTES/EVOLUTION NUTRITION/evolution/app/code/core/Mage/Core/Model/App.php(365): Mage_Core_Controller_Varien_Front->dispatch()
#12 /Users/Vanssiler/Desktop/TRABALHOS/SMARTUX/CLIENTES/EVOLUTION NUTRITION/evolution/app/Mage.php(683): Mage_Core_Model_App->run(Array)
#13 /Users/Vanssiler/Desktop/TRABALHOS/SMARTUX/CLIENTES/EVOLUTION NUTRITION/evolution/index.php(83): Mage::run('', 'store')
#14 {main}
2019-10-16T04:44:59+00:00 ERR (3): 
Exception: Error during unserialization in /Users/Vanssiler/Desktop/TRABALHOS/SMARTUX/CLIENTES/EVOLUTION NUTRITION/evolution/lib/Unserialize/Parser.php:60
Stack trace:
#0 /Users/Vanssiler/Desktop/TRABALHOS/SMARTUX/CLIENTES/EVOLUTION NUTRITION/evolution/app/code/core/Mage/Core/Helper/UnserializeArray.php(44): Unserialize_Parser->unserialize(Object(Mage_Core_Model_Config_Element))
#1 /Users/Vanssiler/Desktop/TRABALHOS/SMARTUX/CLIENTES/EVOLUTION NUTRITION/evolution/app/code/core/Mage/Adminhtml/Model/System/Config/Backend/Serialized.php(37): Mage_Core_Helper_UnserializeArray->unserialize(Object(Mage_Core_Model_Config_Element))
#2 /Users/Vanssiler/Desktop/TRABALHOS/SMARTUX/CLIENTES/EVOLUTION NUTRITION/evolution/app/code/core/Mage/Core/Model/Config/Data.php(78): Mage_Adminhtml_Model_System_Config_Backend_Serialized->_afterLoad()
#3 /Users/Vanssiler/Desktop/TRABALHOS/SMARTUX/CLIENTES/EVOLUTION NUTRITION/evolution/app/code/core/Mage/Adminhtml/Block/System/Config/Form.php(334): Mage_Core_Model_Config_Data->afterLoad()
#4 /Users/Vanssiler/Desktop/TRABALHOS/SMARTUX/CLIENTES/EVOLUTION NUTRITION/evolution/app/code/core/Mage/Adminhtml/Block/System/Config/Form.php(229): Mage_Adminhtml_Block_System_Config_Form->initFields(Object(Varien_Data_Form_Element_Fieldset), Object(Mage_Core_Model_Config_Element), Object(Mage_Core_Model_Config_Element))
#5 /Users/Vanssiler/Desktop/TRABALHOS/SMARTUX/CLIENTES/EVOLUTION NUTRITION/evolution/app/code/core/Mage/Adminhtml/Block/System/Config/Form.php(164): Mage_Adminhtml_Block_System_Config_Form->_initGroup(Object(Varien_Data_Form), Object(Mage_Core_Model_Config_Element), Object(Mage_Core_Model_Config_Element))
#6 /Users/Vanssiler/Desktop/TRABALHOS/SMARTUX/CLIENTES/EVOLUTION NUTRITION/evolution/app/code/core/Mage/Adminhtml/Block/System/Config/Edit.php(92): Mage_Adminhtml_Block_System_Config_Form->initForm()
#7 /Users/Vanssiler/Desktop/TRABALHOS/SMARTUX/CLIENTES/EVOLUTION NUTRITION/evolution/app/code/core/Mage/Adminhtml/controllers/System/ConfigController.php(107): Mage_Adminhtml_Block_System_Config_Edit->initForm()
#8 /Users/Vanssiler/Desktop/TRABALHOS/SMARTUX/CLIENTES/EVOLUTION NUTRITION/evolution/app/code/core/Mage/Core/Controller/Varien/Action.php(418): Mage_Adminhtml_System_ConfigController->editAction()
#9 /Users/Vanssiler/Desktop/TRABALHOS/SMARTUX/CLIENTES/EVOLUTION NUTRITION/evolution/app/code/core/Mage/Core/Controller/Varien/Router/Standard.php(254): Mage_Core_Controller_Varien_Action->dispatch('edit')
#10 /Users/Vanssiler/Desktop/TRABALHOS/SMARTUX/CLIENTES/EVOLUTION NUTRITION/evolution/app/code/core/Mage/Core/Controller/Varien/Front.php(172): Mage_Core_Controller_Varien_Router_Standard->match(Object(Mage_Core_Controller_Request_Http))
#11 /Users/Vanssiler/Desktop/TRABALHOS/SMARTUX/CLIENTES/EVOLUTION NUTRITION/evolution/app/code/core/Mage/Core/Model/App.php(365): Mage_Core_Controller_Varien_Front->dispatch()
#12 /Users/Vanssiler/Desktop/TRABALHOS/SMARTUX/CLIENTES/EVOLUTION NUTRITION/evolution/app/Mage.php(683): Mage_Core_Model_App->run(Array)
#13 /Users/Vanssiler/Desktop/TRABALHOS/SMARTUX/CLIENTES/EVOLUTION NUTRITION/evolution/index.php(83): Mage::run('', 'store')
#14 {main}
2019-10-16T04:45:04+00:00 ERR (3): 
Exception: Error during unserialization in /Users/Vanssiler/Desktop/TRABALHOS/SMARTUX/CLIENTES/EVOLUTION NUTRITION/evolution/lib/Unserialize/Parser.php:60
Stack trace:
#0 /Users/Vanssiler/Desktop/TRABALHOS/SMARTUX/CLIENTES/EVOLUTION NUTRITION/evolution/app/code/core/Mage/Core/Helper/UnserializeArray.php(44): Unserialize_Parser->unserialize(Object(Mage_Core_Model_Config_Element))
#1 /Users/Vanssiler/Desktop/TRABALHOS/SMARTUX/CLIENTES/EVOLUTION NUTRITION/evolution/app/code/core/Mage/Adminhtml/Model/System/Config/Backend/Serialized.php(37): Mage_Core_Helper_UnserializeArray->unserialize(Object(Mage_Core_Model_Config_Element))
#2 /Users/Vanssiler/Desktop/TRABALHOS/SMARTUX/CLIENTES/EVOLUTION NUTRITION/evolution/app/code/core/Mage/Core/Model/Config/Data.php(78): Mage_Adminhtml_Model_System_Config_Backend_Serialized->_afterLoad()
#3 /Users/Vanssiler/Desktop/TRABALHOS/SMARTUX/CLIENTES/EVOLUTION NUTRITION/evolution/app/code/core/Mage/Adminhtml/Block/System/Config/Form.php(334): Mage_Core_Model_Config_Data->afterLoad()
#4 /Users/Vanssiler/Desktop/TRABALHOS/SMARTUX/CLIENTES/EVOLUTION NUTRITION/evolution/app/code/core/Mage/Adminhtml/Block/System/Config/Form.php(229): Mage_Adminhtml_Block_System_Config_Form->initFields(Object(Varien_Data_Form_Element_Fieldset), Object(Mage_Core_Model_Config_Element), Object(Mage_Core_Model_Config_Element))
#5 /Users/Vanssiler/Desktop/TRABALHOS/SMARTUX/CLIENTES/EVOLUTION NUTRITION/evolution/app/code/core/Mage/Adminhtml/Block/System/Config/Form.php(164): Mage_Adminhtml_Block_System_Config_Form->_initGroup(Object(Varien_Data_Form), Object(Mage_Core_Model_Config_Element), Object(Mage_Core_Model_Config_Element))
#6 /Users/Vanssiler/Desktop/TRABALHOS/SMARTUX/CLIENTES/EVOLUTION NUTRITION/evolution/app/code/core/Mage/Adminhtml/Block/System/Config/Edit.php(92): Mage_Adminhtml_Block_System_Config_Form->initForm()
#7 /Users/Vanssiler/Desktop/TRABALHOS/SMARTUX/CLIENTES/EVOLUTION NUTRITION/evolution/app/code/core/Mage/Adminhtml/controllers/System/ConfigController.php(107): Mage_Adminhtml_Block_System_Config_Edit->initForm()
#8 /Users/Vanssiler/Desktop/TRABALHOS/SMARTUX/CLIENTES/EVOLUTION NUTRITION/evolution/app/code/core/Mage/Core/Controller/Varien/Action.php(418): Mage_Adminhtml_System_ConfigController->editAction()
#9 /Users/Vanssiler/Desktop/TRABALHOS/SMARTUX/CLIENTES/EVOLUTION NUTRITION/evolution/app/code/core/Mage/Core/Controller/Varien/Router/Standard.php(254): Mage_Core_Controller_Varien_Action->dispatch('edit')
#10 /Users/Vanssiler/Desktop/TRABALHOS/SMARTUX/CLIENTES/EVOLUTION NUTRITION/evolution/app/code/core/Mage/Core/Controller/Varien/Front.php(172): Mage_Core_Controller_Varien_Router_Standard->match(Object(Mage_Core_Controller_Request_Http))
#11 /Users/Vanssiler/Desktop/TRABALHOS/SMARTUX/CLIENTES/EVOLUTION NUTRITION/evolution/app/code/core/Mage/Core/Model/App.php(365): Mage_Core_Controller_Varien_Front->dispatch()
#12 /Users/Vanssiler/Desktop/TRABALHOS/SMARTUX/CLIENTES/EVOLUTION NUTRITION/evolution/app/Mage.php(683): Mage_Core_Model_App->run(Array)
#13 /Users/Vanssiler/Desktop/TRABALHOS/SMARTUX/CLIENTES/EVOLUTION NUTRITION/evolution/index.php(83): Mage::run('', 'store')
#14 {main}
2019-10-16T04:45:53+00:00 ERR (3): 
Exception: Error during unserialization in /Users/Vanssiler/Desktop/TRABALHOS/SMARTUX/CLIENTES/EVOLUTION NUTRITION/evolution/lib/Unserialize/Parser.php:60
Stack trace:
#0 /Users/Vanssiler/Desktop/TRABALHOS/SMARTUX/CLIENTES/EVOLUTION NUTRITION/evolution/app/code/core/Mage/Core/Helper/UnserializeArray.php(44): Unserialize_Parser->unserialize(Object(Mage_Core_Model_Config_Element))
#1 /Users/Vanssiler/Desktop/TRABALHOS/SMARTUX/CLIENTES/EVOLUTION NUTRITION/evolution/app/code/core/Mage/Adminhtml/Model/System/Config/Backend/Serialized.php(37): Mage_Core_Helper_UnserializeArray->unserialize(Object(Mage_Core_Model_Config_Element))
#2 /Users/Vanssiler/Desktop/TRABALHOS/SMARTUX/CLIENTES/EVOLUTION NUTRITION/evolution/app/code/core/Mage/Core/Model/Config/Data.php(78): Mage_Adminhtml_Model_System_Config_Backend_Serialized->_afterLoad()
#3 /Users/Vanssiler/Desktop/TRABALHOS/SMARTUX/CLIENTES/EVOLUTION NUTRITION/evolution/app/code/core/Mage/Adminhtml/Block/System/Config/Form.php(334): Mage_Core_Model_Config_Data->afterLoad()
#4 /Users/Vanssiler/Desktop/TRABALHOS/SMARTUX/CLIENTES/EVOLUTION NUTRITION/evolution/app/code/core/Mage/Adminhtml/Block/System/Config/Form.php(229): Mage_Adminhtml_Block_System_Config_Form->initFields(Object(Varien_Data_Form_Element_Fieldset), Object(Mage_Core_Model_Config_Element), Object(Mage_Core_Model_Config_Element))
#5 /Users/Vanssiler/Desktop/TRABALHOS/SMARTUX/CLIENTES/EVOLUTION NUTRITION/evolution/app/code/core/Mage/Adminhtml/Block/System/Config/Form.php(164): Mage_Adminhtml_Block_System_Config_Form->_initGroup(Object(Varien_Data_Form), Object(Mage_Core_Model_Config_Element), Object(Mage_Core_Model_Config_Element))
#6 /Users/Vanssiler/Desktop/TRABALHOS/SMARTUX/CLIENTES/EVOLUTION NUTRITION/evolution/app/code/core/Mage/Adminhtml/Block/System/Config/Edit.php(92): Mage_Adminhtml_Block_System_Config_Form->initForm()
#7 /Users/Vanssiler/Desktop/TRABALHOS/SMARTUX/CLIENTES/EVOLUTION NUTRITION/evolution/app/code/core/Mage/Adminhtml/controllers/System/ConfigController.php(107): Mage_Adminhtml_Block_System_Config_Edit->initForm()
#8 /Users/Vanssiler/Desktop/TRABALHOS/SMARTUX/CLIENTES/EVOLUTION NUTRITION/evolution/app/code/core/Mage/Core/Controller/Varien/Action.php(418): Mage_Adminhtml_System_ConfigController->editAction()
#9 /Users/Vanssiler/Desktop/TRABALHOS/SMARTUX/CLIENTES/EVOLUTION NUTRITION/evolution/app/code/core/Mage/Core/Controller/Varien/Router/Standard.php(254): Mage_Core_Controller_Varien_Action->dispatch('edit')
#10 /Users/Vanssiler/Desktop/TRABALHOS/SMARTUX/CLIENTES/EVOLUTION NUTRITION/evolution/app/code/core/Mage/Core/Controller/Varien/Front.php(172): Mage_Core_Controller_Varien_Router_Standard->match(Object(Mage_Core_Controller_Request_Http))
#11 /Users/Vanssiler/Desktop/TRABALHOS/SMARTUX/CLIENTES/EVOLUTION NUTRITION/evolution/app/code/core/Mage/Core/Model/App.php(365): Mage_Core_Controller_Varien_Front->dispatch()
#12 /Users/Vanssiler/Desktop/TRABALHOS/SMARTUX/CLIENTES/EVOLUTION NUTRITION/evolution/app/Mage.php(683): Mage_Core_Model_App->run(Array)
#13 /Users/Vanssiler/Desktop/TRABALHOS/SMARTUX/CLIENTES/EVOLUTION NUTRITION/evolution/index.php(83): Mage::run('', 'store')
#14 {main}
2019-10-16T04:48:23+00:00 ERR (3): 
Exception: Error during unserialization in /Users/Vanssiler/Desktop/TRABALHOS/SMARTUX/CLIENTES/EVOLUTION NUTRITION/evolution/lib/Unserialize/Parser.php:60
Stack trace:
#0 /Users/Vanssiler/Desktop/TRABALHOS/SMARTUX/CLIENTES/EVOLUTION NUTRITION/evolution/app/code/core/Mage/Core/Helper/UnserializeArray.php(44): Unserialize_Parser->unserialize(Object(Mage_Core_Model_Config_Element))
#1 /Users/Vanssiler/Desktop/TRABALHOS/SMARTUX/CLIENTES/EVOLUTION NUTRITION/evolution/app/code/core/Mage/Adminhtml/Model/System/Config/Backend/Serialized.php(37): Mage_Core_Helper_UnserializeArray->unserialize(Object(Mage_Core_Model_Config_Element))
#2 /Users/Vanssiler/Desktop/TRABALHOS/SMARTUX/CLIENTES/EVOLUTION NUTRITION/evolution/app/code/core/Mage/Core/Model/Config/Data.php(78): Mage_Adminhtml_Model_System_Config_Backend_Serialized->_afterLoad()
#3 /Users/Vanssiler/Desktop/TRABALHOS/SMARTUX/CLIENTES/EVOLUTION NUTRITION/evolution/app/code/core/Mage/Adminhtml/Block/System/Config/Form.php(334): Mage_Core_Model_Config_Data->afterLoad()
#4 /Users/Vanssiler/Desktop/TRABALHOS/SMARTUX/CLIENTES/EVOLUTION NUTRITION/evolution/app/code/core/Mage/Adminhtml/Block/System/Config/Form.php(229): Mage_Adminhtml_Block_System_Config_Form->initFields(Object(Varien_Data_Form_Element_Fieldset), Object(Mage_Core_Model_Config_Element), Object(Mage_Core_Model_Config_Element))
#5 /Users/Vanssiler/Desktop/TRABALHOS/SMARTUX/CLIENTES/EVOLUTION NUTRITION/evolution/app/code/core/Mage/Adminhtml/Block/System/Config/Form.php(164): Mage_Adminhtml_Block_System_Config_Form->_initGroup(Object(Varien_Data_Form), Object(Mage_Core_Model_Config_Element), Object(Mage_Core_Model_Config_Element))
#6 /Users/Vanssiler/Desktop/TRABALHOS/SMARTUX/CLIENTES/EVOLUTION NUTRITION/evolution/app/code/core/Mage/Adminhtml/Block/System/Config/Edit.php(92): Mage_Adminhtml_Block_System_Config_Form->initForm()
#7 /Users/Vanssiler/Desktop/TRABALHOS/SMARTUX/CLIENTES/EVOLUTION NUTRITION/evolution/app/code/core/Mage/Adminhtml/controllers/System/ConfigController.php(107): Mage_Adminhtml_Block_System_Config_Edit->initForm()
#8 /Users/Vanssiler/Desktop/TRABALHOS/SMARTUX/CLIENTES/EVOLUTION NUTRITION/evolution/app/code/core/Mage/Core/Controller/Varien/Action.php(418): Mage_Adminhtml_System_ConfigController->editAction()
#9 /Users/Vanssiler/Desktop/TRABALHOS/SMARTUX/CLIENTES/EVOLUTION NUTRITION/evolution/app/code/core/Mage/Core/Controller/Varien/Router/Standard.php(254): Mage_Core_Controller_Varien_Action->dispatch('edit')
#10 /Users/Vanssiler/Desktop/TRABALHOS/SMARTUX/CLIENTES/EVOLUTION NUTRITION/evolution/app/code/core/Mage/Core/Controller/Varien/Front.php(172): Mage_Core_Controller_Varien_Router_Standard->match(Object(Mage_Core_Controller_Request_Http))
#11 /Users/Vanssiler/Desktop/TRABALHOS/SMARTUX/CLIENTES/EVOLUTION NUTRITION/evolution/app/code/core/Mage/Core/Model/App.php(365): Mage_Core_Controller_Varien_Front->dispatch()
#12 /Users/Vanssiler/Desktop/TRABALHOS/SMARTUX/CLIENTES/EVOLUTION NUTRITION/evolution/app/Mage.php(683): Mage_Core_Model_App->run(Array)
#13 /Users/Vanssiler/Desktop/TRABALHOS/SMARTUX/CLIENTES/EVOLUTION NUTRITION/evolution/index.php(83): Mage::run('', 'store')
#14 {main}
2019-10-16T04:49:10+00:00 ERR (3): 
Exception: Error during unserialization in /Users/Vanssiler/Desktop/TRABALHOS/SMARTUX/CLIENTES/EVOLUTION NUTRITION/evolution/lib/Unserialize/Parser.php:60
Stack trace:
#0 /Users/Vanssiler/Desktop/TRABALHOS/SMARTUX/CLIENTES/EVOLUTION NUTRITION/evolution/app/code/core/Mage/Core/Helper/UnserializeArray.php(44): Unserialize_Parser->unserialize(Object(Mage_Core_Model_Config_Element))
#1 /Users/Vanssiler/Desktop/TRABALHOS/SMARTUX/CLIENTES/EVOLUTION NUTRITION/evolution/app/code/core/Mage/Adminhtml/Model/System/Config/Backend/Serialized.php(37): Mage_Core_Helper_UnserializeArray->unserialize(Object(Mage_Core_Model_Config_Element))
#2 /Users/Vanssiler/Desktop/TRABALHOS/SMARTUX/CLIENTES/EVOLUTION NUTRITION/evolution/app/code/core/Mage/Core/Model/Config/Data.php(78): Mage_Adminhtml_Model_System_Config_Backend_Serialized->_afterLoad()
#3 /Users/Vanssiler/Desktop/TRABALHOS/SMARTUX/CLIENTES/EVOLUTION NUTRITION/evolution/app/code/core/Mage/Adminhtml/Block/System/Config/Form.php(334): Mage_Core_Model_Config_Data->afterLoad()
#4 /Users/Vanssiler/Desktop/TRABALHOS/SMARTUX/CLIENTES/EVOLUTION NUTRITION/evolution/app/code/core/Mage/Adminhtml/Block/System/Config/Form.php(229): Mage_Adminhtml_Block_System_Config_Form->initFields(Object(Varien_Data_Form_Element_Fieldset), Object(Mage_Core_Model_Config_Element), Object(Mage_Core_Model_Config_Element))
#5 /Users/Vanssiler/Desktop/TRABALHOS/SMARTUX/CLIENTES/EVOLUTION NUTRITION/evolution/app/code/core/Mage/Adminhtml/Block/System/Config/Form.php(164): Mage_Adminhtml_Block_System_Config_Form->_initGroup(Object(Varien_Data_Form), Object(Mage_Core_Model_Config_Element), Object(Mage_Core_Model_Config_Element))
#6 /Users/Vanssiler/Desktop/TRABALHOS/SMARTUX/CLIENTES/EVOLUTION NUTRITION/evolution/app/code/core/Mage/Adminhtml/Block/System/Config/Edit.php(92): Mage_Adminhtml_Block_System_Config_Form->initForm()
#7 /Users/Vanssiler/Desktop/TRABALHOS/SMARTUX/CLIENTES/EVOLUTION NUTRITION/evolution/app/code/core/Mage/Adminhtml/controllers/System/ConfigController.php(107): Mage_Adminhtml_Block_System_Config_Edit->initForm()
#8 /Users/Vanssiler/Desktop/TRABALHOS/SMARTUX/CLIENTES/EVOLUTION NUTRITION/evolution/app/code/core/Mage/Core/Controller/Varien/Action.php(418): Mage_Adminhtml_System_ConfigController->editAction()
#9 /Users/Vanssiler/Desktop/TRABALHOS/SMARTUX/CLIENTES/EVOLUTION NUTRITION/evolution/app/code/core/Mage/Core/Controller/Varien/Router/Standard.php(254): Mage_Core_Controller_Varien_Action->dispatch('edit')
#10 /Users/Vanssiler/Desktop/TRABALHOS/SMARTUX/CLIENTES/EVOLUTION NUTRITION/evolution/app/code/core/Mage/Core/Controller/Varien/Front.php(172): Mage_Core_Controller_Varien_Router_Standard->match(Object(Mage_Core_Controller_Request_Http))
#11 /Users/Vanssiler/Desktop/TRABALHOS/SMARTUX/CLIENTES/EVOLUTION NUTRITION/evolution/app/code/core/Mage/Core/Model/App.php(365): Mage_Core_Controller_Varien_Front->dispatch()
#12 /Users/Vanssiler/Desktop/TRABALHOS/SMARTUX/CLIENTES/EVOLUTION NUTRITION/evolution/app/Mage.php(683): Mage_Core_Model_App->run(Array)
#13 /Users/Vanssiler/Desktop/TRABALHOS/SMARTUX/CLIENTES/EVOLUTION NUTRITION/evolution/index.php(83): Mage::run('', 'store')
#14 {main}
2019-10-16T05:00:13+00:00 ERR (3): 
Exception: Error during unserialization in /Users/Vanssiler/Desktop/TRABALHOS/SMARTUX/CLIENTES/EVOLUTION NUTRITION/evolution/lib/Unserialize/Parser.php:60
Stack trace:
#0 /Users/Vanssiler/Desktop/TRABALHOS/SMARTUX/CLIENTES/EVOLUTION NUTRITION/evolution/app/code/core/Mage/Core/Helper/UnserializeArray.php(44): Unserialize_Parser->unserialize(Object(Mage_Core_Model_Config_Element))
#1 /Users/Vanssiler/Desktop/TRABALHOS/SMARTUX/CLIENTES/EVOLUTION NUTRITION/evolution/app/code/core/Mage/Adminhtml/Model/System/Config/Backend/Serialized.php(37): Mage_Core_Helper_UnserializeArray->unserialize(Object(Mage_Core_Model_Config_Element))
#2 /Users/Vanssiler/Desktop/TRABALHOS/SMARTUX/CLIENTES/EVOLUTION NUTRITION/evolution/app/code/core/Mage/Core/Model/Config/Data.php(78): Mage_Adminhtml_Model_System_Config_Backend_Serialized->_afterLoad()
#3 /Users/Vanssiler/Desktop/TRABALHOS/SMARTUX/CLIENTES/EVOLUTION NUTRITION/evolution/app/code/core/Mage/Adminhtml/Block/System/Config/Form.php(334): Mage_Core_Model_Config_Data->afterLoad()
#4 /Users/Vanssiler/Desktop/TRABALHOS/SMARTUX/CLIENTES/EVOLUTION NUTRITION/evolution/app/code/core/Mage/Adminhtml/Block/System/Config/Form.php(229): Mage_Adminhtml_Block_System_Config_Form->initFields(Object(Varien_Data_Form_Element_Fieldset), Object(Mage_Core_Model_Config_Element), Object(Mage_Core_Model_Config_Element))
#5 /Users/Vanssiler/Desktop/TRABALHOS/SMARTUX/CLIENTES/EVOLUTION NUTRITION/evolution/app/code/core/Mage/Adminhtml/Block/System/Config/Form.php(164): Mage_Adminhtml_Block_System_Config_Form->_initGroup(Object(Varien_Data_Form), Object(Mage_Core_Model_Config_Element), Object(Mage_Core_Model_Config_Element))
#6 /Users/Vanssiler/Desktop/TRABALHOS/SMARTUX/CLIENTES/EVOLUTION NUTRITION/evolution/app/code/core/Mage/Adminhtml/Block/System/Config/Edit.php(92): Mage_Adminhtml_Block_System_Config_Form->initForm()
#7 /Users/Vanssiler/Desktop/TRABALHOS/SMARTUX/CLIENTES/EVOLUTION NUTRITION/evolution/app/code/core/Mage/Adminhtml/controllers/System/ConfigController.php(107): Mage_Adminhtml_Block_System_Config_Edit->initForm()
#8 /Users/Vanssiler/Desktop/TRABALHOS/SMARTUX/CLIENTES/EVOLUTION NUTRITION/evolution/app/code/core/Mage/Core/Controller/Varien/Action.php(418): Mage_Adminhtml_System_ConfigController->editAction()
#9 /Users/Vanssiler/Desktop/TRABALHOS/SMARTUX/CLIENTES/EVOLUTION NUTRITION/evolution/app/code/core/Mage/Core/Controller/Varien/Router/Standard.php(254): Mage_Core_Controller_Varien_Action->dispatch('edit')
#10 /Users/Vanssiler/Desktop/TRABALHOS/SMARTUX/CLIENTES/EVOLUTION NUTRITION/evolution/app/code/core/Mage/Core/Controller/Varien/Front.php(172): Mage_Core_Controller_Varien_Router_Standard->match(Object(Mage_Core_Controller_Request_Http))
#11 /Users/Vanssiler/Desktop/TRABALHOS/SMARTUX/CLIENTES/EVOLUTION NUTRITION/evolution/app/code/core/Mage/Core/Model/App.php(365): Mage_Core_Controller_Varien_Front->dispatch()
#12 /Users/Vanssiler/Desktop/TRABALHOS/SMARTUX/CLIENTES/EVOLUTION NUTRITION/evolution/app/Mage.php(683): Mage_Core_Model_App->run(Array)
#13 /Users/Vanssiler/Desktop/TRABALHOS/SMARTUX/CLIENTES/EVOLUTION NUTRITION/evolution/index.php(83): Mage::run('', 'store')
#14 {main}
2019-10-16T05:01:24+00:00 ERR (3): 
Exception: Error during unserialization in /Users/Vanssiler/Desktop/TRABALHOS/SMARTUX/CLIENTES/EVOLUTION NUTRITION/evolution/lib/Unserialize/Parser.php:60
Stack trace:
#0 /Users/Vanssiler/Desktop/TRABALHOS/SMARTUX/CLIENTES/EVOLUTION NUTRITION/evolution/app/code/core/Mage/Core/Helper/UnserializeArray.php(44): Unserialize_Parser->unserialize(Object(Mage_Core_Model_Config_Element))
#1 /Users/Vanssiler/Desktop/TRABALHOS/SMARTUX/CLIENTES/EVOLUTION NUTRITION/evolution/app/code/core/Mage/Adminhtml/Model/System/Config/Backend/Serialized.php(37): Mage_Core_Helper_UnserializeArray->unserialize(Object(Mage_Core_Model_Config_Element))
#2 /Users/Vanssiler/Desktop/TRABALHOS/SMARTUX/CLIENTES/EVOLUTION NUTRITION/evolution/app/code/core/Mage/Core/Model/Config/Data.php(78): Mage_Adminhtml_Model_System_Config_Backend_Serialized->_afterLoad()
#3 /Users/Vanssiler/Desktop/TRABALHOS/SMARTUX/CLIENTES/EVOLUTION NUTRITION/evolution/app/code/core/Mage/Adminhtml/Block/System/Config/Form.php(334): Mage_Core_Model_Config_Data->afterLoad()
#4 /Users/Vanssiler/Desktop/TRABALHOS/SMARTUX/CLIENTES/EVOLUTION NUTRITION/evolution/app/code/core/Mage/Adminhtml/Block/System/Config/Form.php(229): Mage_Adminhtml_Block_System_Config_Form->initFields(Object(Varien_Data_Form_Element_Fieldset), Object(Mage_Core_Model_Config_Element), Object(Mage_Core_Model_Config_Element))
#5 /Users/Vanssiler/Desktop/TRABALHOS/SMARTUX/CLIENTES/EVOLUTION NUTRITION/evolution/app/code/core/Mage/Adminhtml/Block/System/Config/Form.php(164): Mage_Adminhtml_Block_System_Config_Form->_initGroup(Object(Varien_Data_Form), Object(Mage_Core_Model_Config_Element), Object(Mage_Core_Model_Config_Element))
#6 /Users/Vanssiler/Desktop/TRABALHOS/SMARTUX/CLIENTES/EVOLUTION NUTRITION/evolution/app/code/core/Mage/Adminhtml/Block/System/Config/Edit.php(92): Mage_Adminhtml_Block_System_Config_Form->initForm()
#7 /Users/Vanssiler/Desktop/TRABALHOS/SMARTUX/CLIENTES/EVOLUTION NUTRITION/evolution/app/code/core/Mage/Adminhtml/controllers/System/ConfigController.php(107): Mage_Adminhtml_Block_System_Config_Edit->initForm()
#8 /Users/Vanssiler/Desktop/TRABALHOS/SMARTUX/CLIENTES/EVOLUTION NUTRITION/evolution/app/code/core/Mage/Core/Controller/Varien/Action.php(418): Mage_Adminhtml_System_ConfigController->editAction()
#9 /Users/Vanssiler/Desktop/TRABALHOS/SMARTUX/CLIENTES/EVOLUTION NUTRITION/evolution/app/code/core/Mage/Core/Controller/Varien/Router/Standard.php(254): Mage_Core_Controller_Varien_Action->dispatch('edit')
#10 /Users/Vanssiler/Desktop/TRABALHOS/SMARTUX/CLIENTES/EVOLUTION NUTRITION/evolution/app/code/core/Mage/Core/Controller/Varien/Front.php(172): Mage_Core_Controller_Varien_Router_Standard->match(Object(Mage_Core_Controller_Request_Http))
#11 /Users/Vanssiler/Desktop/TRABALHOS/SMARTUX/CLIENTES/EVOLUTION NUTRITION/evolution/app/code/core/Mage/Core/Model/App.php(365): Mage_Core_Controller_Varien_Front->dispatch()
#12 /Users/Vanssiler/Desktop/TRABALHOS/SMARTUX/CLIENTES/EVOLUTION NUTRITION/evolution/app/Mage.php(683): Mage_Core_Model_App->run(Array)
#13 /Users/Vanssiler/Desktop/TRABALHOS/SMARTUX/CLIENTES/EVOLUTION NUTRITION/evolution/index.php(83): Mage::run('', 'store')
#14 {main}
2019-10-18T01:18:32+00:00 ERR (3): 
Mage_Core_Model_Session_Exception in /Users/Vanssiler/Desktop/TRABALHOS/SMARTUX/CLIENTES/EVOLUTION NUTRITION/evolution/app/code/core/Mage/Core/Model/Session/Abstract/Varien.php:432
Stack trace:
#0 /Users/Vanssiler/Desktop/TRABALHOS/SMARTUX/CLIENTES/EVOLUTION NUTRITION/evolution/app/code/core/Mage/Core/Model/Session/Abstract/Varien.php(237): Mage_Core_Model_Session_Abstract_Varien->validate()
#1 /Users/Vanssiler/Desktop/TRABALHOS/SMARTUX/CLIENTES/EVOLUTION NUTRITION/evolution/app/code/core/Mage/Core/Model/Session/Abstract.php(84): Mage_Core_Model_Session_Abstract_Varien->init('reports', NULL)
#2 /Users/Vanssiler/Desktop/TRABALHOS/SMARTUX/CLIENTES/EVOLUTION NUTRITION/evolution/app/code/core/Mage/Reports/Model/Session.php(43): Mage_Core_Model_Session_Abstract->init('reports')
#3 /Users/Vanssiler/Desktop/TRABALHOS/SMARTUX/CLIENTES/EVOLUTION NUTRITION/evolution/app/code/core/Mage/Core/Model/Config.php(1357): Mage_Reports_Model_Session->__construct(Array)
#4 /Users/Vanssiler/Desktop/TRABALHOS/SMARTUX/CLIENTES/EVOLUTION NUTRITION/evolution/app/Mage.php(463): Mage_Core_Model_Config->getModelInstance('reports/session', Array)
#5 /Users/Vanssiler/Desktop/TRABALHOS/SMARTUX/CLIENTES/EVOLUTION NUTRITION/evolution/app/Mage.php(477): Mage::getModel('reports/session', Array)
#6 /Users/Vanssiler/Desktop/TRABALHOS/SMARTUX/CLIENTES/EVOLUTION NUTRITION/evolution/app/code/core/Mage/Reports/Model/Product/Index/Abstract.php(167): Mage::getSingleton('reports/session')
#7 /Users/Vanssiler/Desktop/TRABALHOS/SMARTUX/CLIENTES/EVOLUTION NUTRITION/evolution/app/code/core/Mage/Reports/Model/Product/Index/Abstract.php(185): Mage_Reports_Model_Product_Index_Abstract->_getSession()
#8 /Users/Vanssiler/Desktop/TRABALHOS/SMARTUX/CLIENTES/EVOLUTION NUTRITION/evolution/app/code/core/Mage/Reports/Model/Event/Observer.php(148): Mage_Reports_Model_Product_Index_Abstract->calculate()
#9 /Users/Vanssiler/Desktop/TRABALHOS/SMARTUX/CLIENTES/EVOLUTION NUTRITION/evolution/app/code/core/Mage/Core/Model/App.php(1358): Mage_Reports_Model_Event_Observer->catalogProductView(Object(Varien_Event_Observer))
#10 /Users/Vanssiler/Desktop/TRABALHOS/SMARTUX/CLIENTES/EVOLUTION NUTRITION/evolution/app/code/core/Mage/Core/Model/App.php(1337): Mage_Core_Model_App->_callObserverMethod(Object(Mage_Reports_Model_Event_Observer), 'catalogProductV...', Object(Varien_Event_Observer))
#11 /Users/Vanssiler/Desktop/TRABALHOS/SMARTUX/CLIENTES/EVOLUTION NUTRITION/evolution/app/Mage.php(448): Mage_Core_Model_App->dispatchEvent('catalog_control...', Array)
#12 /Users/Vanssiler/Desktop/TRABALHOS/SMARTUX/CLIENTES/EVOLUTION NUTRITION/evolution/app/code/core/Mage/Catalog/Helper/Product/View.php(135): Mage::dispatchEvent('catalog_control...', Array)
#13 /Users/Vanssiler/Desktop/TRABALHOS/SMARTUX/CLIENTES/EVOLUTION NUTRITION/evolution/app/code/core/Mage/Catalog/controllers/ProductController.php(132): Mage_Catalog_Helper_Product_View->prepareAndRender(29, Object(Mage_Catalog_ProductController), Object(Varien_Object))
#14 /Users/Vanssiler/Desktop/TRABALHOS/SMARTUX/CLIENTES/EVOLUTION NUTRITION/evolution/app/code/core/Mage/Core/Controller/Varien/Action.php(418): Mage_Catalog_ProductController->viewAction()
#15 /Users/Vanssiler/Desktop/TRABALHOS/SMARTUX/CLIENTES/EVOLUTION NUTRITION/evolution/app/code/core/Mage/Core/Controller/Varien/Router/Standard.php(254): Mage_Core_Controller_Varien_Action->dispatch('view')
#16 /Users/Vanssiler/Desktop/TRABALHOS/SMARTUX/CLIENTES/EVOLUTION NUTRITION/evolution/app/code/core/Mage/Core/Controller/Varien/Front.php(172): Mage_Core_Controller_Varien_Router_Standard->match(Object(Mage_Core_Controller_Request_Http))
#17 /Users/Vanssiler/Desktop/TRABALHOS/SMARTUX/CLIENTES/EVOLUTION NUTRITION/evolution/app/code/core/Mage/Core/Model/App.php(365): Mage_Core_Controller_Varien_Front->dispatch()
#18 /Users/Vanssiler/Desktop/TRABALHOS/SMARTUX/CLIENTES/EVOLUTION NUTRITION/evolution/app/Mage.php(683): Mage_Core_Model_App->run(Array)
#19 /Users/Vanssiler/Desktop/TRABALHOS/SMARTUX/CLIENTES/EVOLUTION NUTRITION/evolution/index.php(83): Mage::run('', 'store')
#20 {main}
2019-11-05T22:55:56+00:00 ERR (3): 
Mage_Core_Exception: Tipo de bloco inválido: Mage_Paymentmodule_Block_Adminhtml_Notification_Integrityviolation in /Users/Vanssiler/Desktop/TRABALHOS/SMARTUX/CLIENTES/EVOLUTION NUTRITION/evolution/app/Mage.php:595
Stack trace:
#0 /Users/Vanssiler/Desktop/TRABALHOS/SMARTUX/CLIENTES/EVOLUTION NUTRITION/evolution/app/code/core/Mage/Core/Model/Layout.php(495): Mage::throwException('Tipo de bloco i...')
#1 /Users/Vanssiler/Desktop/TRABALHOS/SMARTUX/CLIENTES/EVOLUTION NUTRITION/evolution/app/code/core/Mage/Core/Model/Layout.php(437): Mage_Core_Model_Layout->_getBlockInstance('Mage_Paymentmod...', Array)
#2 /Users/Vanssiler/Desktop/TRABALHOS/SMARTUX/CLIENTES/EVOLUTION NUTRITION/evolution/app/code/core/Mage/Core/Model/Layout.php(472): Mage_Core_Model_Layout->createBlock('paymentmodule/a...', '')
#3 /Users/Vanssiler/Desktop/TRABALHOS/SMARTUX/CLIENTES/EVOLUTION NUTRITION/evolution/app/code/core/Mage/Core/Model/Layout.php(239): Mage_Core_Model_Layout->addBlock('paymentmodule/a...', '')
#4 /Users/Vanssiler/Desktop/TRABALHOS/SMARTUX/CLIENTES/EVOLUTION NUTRITION/evolution/app/code/core/Mage/Core/Model/Layout.php(205): Mage_Core_Model_Layout->_generateBlock(Object(Mage_Core_Model_Layout_Element), Object(Mage_Core_Model_Layout_Element))
#5 /Users/Vanssiler/Desktop/TRABALHOS/SMARTUX/CLIENTES/EVOLUTION NUTRITION/evolution/app/code/core/Mage/Core/Model/Layout.php(210): Mage_Core_Model_Layout->generateBlocks(Object(Mage_Core_Model_Layout_Element))
#6 /Users/Vanssiler/Desktop/TRABALHOS/SMARTUX/CLIENTES/EVOLUTION NUTRITION/evolution/app/code/core/Mage/Core/Controller/Varien/Action.php(344): Mage_Core_Model_Layout->generateBlocks()
#7 /Users/Vanssiler/Desktop/TRABALHOS/SMARTUX/CLIENTES/EVOLUTION NUTRITION/evolution/app/code/core/Mage/Core/Controller/Varien/Action.php(269): Mage_Core_Controller_Varien_Action->generateLayoutBlocks()
#8 /Users/Vanssiler/Desktop/TRABALHOS/SMARTUX/CLIENTES/EVOLUTION NUTRITION/evolution/app/code/core/Mage/Adminhtml/Controller/Action.php(285): Mage_Core_Controller_Varien_Action->loadLayout(NULL, true, true)
#9 /Users/Vanssiler/Desktop/TRABALHOS/SMARTUX/CLIENTES/EVOLUTION NUTRITION/evolution/app/code/core/Mage/Adminhtml/controllers/DashboardController.php(40): Mage_Adminhtml_Controller_Action->loadLayout()
#10 /Users/Vanssiler/Desktop/TRABALHOS/SMARTUX/CLIENTES/EVOLUTION NUTRITION/evolution/app/code/core/Mage/Core/Controller/Varien/Action.php(418): Mage_Adminhtml_DashboardController->indexAction()
#11 /Users/Vanssiler/Desktop/TRABALHOS/SMARTUX/CLIENTES/EVOLUTION NUTRITION/evolution/app/code/core/Mage/Core/Controller/Varien/Router/Standard.php(254): Mage_Core_Controller_Varien_Action->dispatch('index')
#12 /Users/Vanssiler/Desktop/TRABALHOS/SMARTUX/CLIENTES/EVOLUTION NUTRITION/evolution/app/code/core/Mage/Core/Controller/Varien/Front.php(172): Mage_Core_Controller_Varien_Router_Standard->match(Object(Mage_Core_Controller_Request_Http))
#13 /Users/Vanssiler/Desktop/TRABALHOS/SMARTUX/CLIENTES/EVOLUTION NUTRITION/evolution/app/code/core/Mage/Core/Model/App.php(365): Mage_Core_Controller_Varien_Front->dispatch()
#14 /Users/Vanssiler/Desktop/TRABALHOS/SMARTUX/CLIENTES/EVOLUTION NUTRITION/evolution/app/Mage.php(683): Mage_Core_Model_App->run(Array)
#15 /Users/Vanssiler/Desktop/TRABALHOS/SMARTUX/CLIENTES/EVOLUTION NUTRITION/evolution/index.php(83): Mage::run('', 'store')
#16 {main}
2019-11-05T23:51:10+00:00 ERR (3): 
Mage_Core_Exception: Tipo de bloco inválido: Mage_Paymentmodule_Block_Adminhtml_Notification_Integrityviolation in /Users/Vanssiler/Desktop/TRABALHOS/SMARTUX/CLIENTES/EVOLUTION NUTRITION/evolution/app/Mage.php:595
Stack trace:
#0 /Users/Vanssiler/Desktop/TRABALHOS/SMARTUX/CLIENTES/EVOLUTION NUTRITION/evolution/app/code/core/Mage/Core/Model/Layout.php(495): Mage::throwException('Tipo de bloco i...')
#1 /Users/Vanssiler/Desktop/TRABALHOS/SMARTUX/CLIENTES/EVOLUTION NUTRITION/evolution/app/code/core/Mage/Core/Model/Layout.php(437): Mage_Core_Model_Layout->_getBlockInstance('Mage_Paymentmod...', Array)
#2 /Users/Vanssiler/Desktop/TRABALHOS/SMARTUX/CLIENTES/EVOLUTION NUTRITION/evolution/app/code/core/Mage/Core/Model/Layout.php(472): Mage_Core_Model_Layout->createBlock('paymentmodule/a...', '')
#3 /Users/Vanssiler/Desktop/TRABALHOS/SMARTUX/CLIENTES/EVOLUTION NUTRITION/evolution/app/code/core/Mage/Core/Model/Layout.php(239): Mage_Core_Model_Layout->addBlock('paymentmodule/a...', '')
#4 /Users/Vanssiler/Desktop/TRABALHOS/SMARTUX/CLIENTES/EVOLUTION NUTRITION/evolution/app/code/core/Mage/Core/Model/Layout.php(205): Mage_Core_Model_Layout->_generateBlock(Object(Mage_Core_Model_Layout_Element), Object(Mage_Core_Model_Layout_Element))
#5 /Users/Vanssiler/Desktop/TRABALHOS/SMARTUX/CLIENTES/EVOLUTION NUTRITION/evolution/app/code/core/Mage/Core/Model/Layout.php(210): Mage_Core_Model_Layout->generateBlocks(Object(Mage_Core_Model_Layout_Element))
#6 /Users/Vanssiler/Desktop/TRABALHOS/SMARTUX/CLIENTES/EVOLUTION NUTRITION/evolution/app/code/core/Mage/Core/Controller/Varien/Action.php(344): Mage_Core_Model_Layout->generateBlocks()
#7 /Users/Vanssiler/Desktop/TRABALHOS/SMARTUX/CLIENTES/EVOLUTION NUTRITION/evolution/app/code/core/Mage/Core/Controller/Varien/Action.php(269): Mage_Core_Controller_Varien_Action->generateLayoutBlocks()
#8 /Users/Vanssiler/Desktop/TRABALHOS/SMARTUX/CLIENTES/EVOLUTION NUTRITION/evolution/app/code/core/Mage/Adminhtml/Controller/Action.php(285): Mage_Core_Controller_Varien_Action->loadLayout(NULL, true, true)
#9 /Users/Vanssiler/Desktop/TRABALHOS/SMARTUX/CLIENTES/EVOLUTION NUTRITION/evolution/app/code/core/Mage/Adminhtml/controllers/System/ConfigController.php(95): Mage_Adminhtml_Controller_Action->loadLayout()
#10 /Users/Vanssiler/Desktop/TRABALHOS/SMARTUX/CLIENTES/EVOLUTION NUTRITION/evolution/app/code/core/Mage/Core/Controller/Varien/Action.php(418): Mage_Adminhtml_System_ConfigController->editAction()
#11 /Users/Vanssiler/Desktop/TRABALHOS/SMARTUX/CLIENTES/EVOLUTION NUTRITION/evolution/app/code/core/Mage/Core/Controller/Varien/Router/Standard.php(254): Mage_Core_Controller_Varien_Action->dispatch('edit')
#12 /Users/Vanssiler/Desktop/TRABALHOS/SMARTUX/CLIENTES/EVOLUTION NUTRITION/evolution/app/code/core/Mage/Core/Controller/Varien/Front.php(172): Mage_Core_Controller_Varien_Router_Standard->match(Object(Mage_Core_Controller_Request_Http))
#13 /Users/Vanssiler/Desktop/TRABALHOS/SMARTUX/CLIENTES/EVOLUTION NUTRITION/evolution/app/code/core/Mage/Core/Model/App.php(365): Mage_Core_Controller_Varien_Front->dispatch()
#14 /Users/Vanssiler/Desktop/TRABALHOS/SMARTUX/CLIENTES/EVOLUTION NUTRITION/evolution/app/Mage.php(683): Mage_Core_Model_App->run(Array)
#15 /Users/Vanssiler/Desktop/TRABALHOS/SMARTUX/CLIENTES/EVOLUTION NUTRITION/evolution/index.php(83): Mage::run('', 'store')
#16 {main}
2019-11-05T23:51:10+00:00 ERR (3): 
Mage_Core_Exception: Tipo de bloco inválido: Mage_Paymentmodule_Block_Adminhtml_Extras in /Users/Vanssiler/Desktop/TRABALHOS/SMARTUX/CLIENTES/EVOLUTION NUTRITION/evolution/app/Mage.php:595
Stack trace:
#0 /Users/Vanssiler/Desktop/TRABALHOS/SMARTUX/CLIENTES/EVOLUTION NUTRITION/evolution/app/code/core/Mage/Core/Model/Layout.php(495): Mage::throwException('Tipo de bloco i...')
#1 /Users/Vanssiler/Desktop/TRABALHOS/SMARTUX/CLIENTES/EVOLUTION NUTRITION/evolution/app/code/core/Mage/Core/Model/Layout.php(437): Mage_Core_Model_Layout->_getBlockInstance('Mage_Paymentmod...', Array)
#2 /Users/Vanssiler/Desktop/TRABALHOS/SMARTUX/CLIENTES/EVOLUTION NUTRITION/evolution/app/code/core/Mage/Core/Model/Layout.php(472): Mage_Core_Model_Layout->createBlock('paymentmodule/a...', 'mp-payment-conf...')
#3 /Users/Vanssiler/Desktop/TRABALHOS/SMARTUX/CLIENTES/EVOLUTION NUTRITION/evolution/app/code/core/Mage/Core/Model/Layout.php(239): Mage_Core_Model_Layout->addBlock('paymentmodule/a...', 'mp-payment-conf...')
#4 /Users/Vanssiler/Desktop/TRABALHOS/SMARTUX/CLIENTES/EVOLUTION NUTRITION/evolution/app/code/core/Mage/Core/Model/Layout.php(205): Mage_Core_Model_Layout->_generateBlock(Object(Mage_Core_Model_Layout_Element), Object(Mage_Core_Model_Layout_Element))
#5 /Users/Vanssiler/Desktop/TRABALHOS/SMARTUX/CLIENTES/EVOLUTION NUTRITION/evolution/app/code/core/Mage/Core/Model/Layout.php(210): Mage_Core_Model_Layout->generateBlocks(Object(Mage_Core_Model_Layout_Element))
#6 /Users/Vanssiler/Desktop/TRABALHOS/SMARTUX/CLIENTES/EVOLUTION NUTRITION/evolution/app/code/core/Mage/Core/Controller/Varien/Action.php(344): Mage_Core_Model_Layout->generateBlocks()
#7 /Users/Vanssiler/Desktop/TRABALHOS/SMARTUX/CLIENTES/EVOLUTION NUTRITION/evolution/app/code/core/Mage/Core/Controller/Varien/Action.php(269): Mage_Core_Controller_Varien_Action->generateLayoutBlocks()
#8 /Users/Vanssiler/Desktop/TRABALHOS/SMARTUX/CLIENTES/EVOLUTION NUTRITION/evolution/app/code/core/Mage/Adminhtml/Controller/Action.php(285): Mage_Core_Controller_Varien_Action->loadLayout(NULL, true, true)
#9 /Users/Vanssiler/Desktop/TRABALHOS/SMARTUX/CLIENTES/EVOLUTION NUTRITION/evolution/app/code/core/Mage/Adminhtml/controllers/System/ConfigController.php(95): Mage_Adminhtml_Controller_Action->loadLayout()
#10 /Users/Vanssiler/Desktop/TRABALHOS/SMARTUX/CLIENTES/EVOLUTION NUTRITION/evolution/app/code/core/Mage/Core/Controller/Varien/Action.php(418): Mage_Adminhtml_System_ConfigController->editAction()
#11 /Users/Vanssiler/Desktop/TRABALHOS/SMARTUX/CLIENTES/EVOLUTION NUTRITION/evolution/app/code/core/Mage/Core/Controller/Varien/Router/Standard.php(254): Mage_Core_Controller_Varien_Action->dispatch('edit')
#12 /Users/Vanssiler/Desktop/TRABALHOS/SMARTUX/CLIENTES/EVOLUTION NUTRITION/evolution/app/code/core/Mage/Core/Controller/Varien/Front.php(172): Mage_Core_Controller_Varien_Router_Standard->match(Object(Mage_Core_Controller_Request_Http))
#13 /Users/Vanssiler/Desktop/TRABALHOS/SMARTUX/CLIENTES/EVOLUTION NUTRITION/evolution/app/code/core/Mage/Core/Model/App.php(365): Mage_Core_Controller_Varien_Front->dispatch()
#14 /Users/Vanssiler/Desktop/TRABALHOS/SMARTUX/CLIENTES/EVOLUTION NUTRITION/evolution/app/Mage.php(683): Mage_Core_Model_App->run(Array)
#15 /Users/Vanssiler/Desktop/TRABALHOS/SMARTUX/CLIENTES/EVOLUTION NUTRITION/evolution/index.php(83): Mage::run('', 'store')
#16 {main}
2019-11-05T23:51:10+00:00 ERR (3): 
Exception: Error during unserialization in /Users/Vanssiler/Desktop/TRABALHOS/SMARTUX/CLIENTES/EVOLUTION NUTRITION/evolution/lib/Unserialize/Parser.php:60
Stack trace:
#0 /Users/Vanssiler/Desktop/TRABALHOS/SMARTUX/CLIENTES/EVOLUTION NUTRITION/evolution/app/code/core/Mage/Core/Helper/UnserializeArray.php(44): Unserialize_Parser->unserialize(Object(Mage_Core_Model_Config_Element))
#1 /Users/Vanssiler/Desktop/TRABALHOS/SMARTUX/CLIENTES/EVOLUTION NUTRITION/evolution/app/code/core/Mage/Adminhtml/Model/System/Config/Backend/Serialized.php(37): Mage_Core_Helper_UnserializeArray->unserialize(Object(Mage_Core_Model_Config_Element))
#2 /Users/Vanssiler/Desktop/TRABALHOS/SMARTUX/CLIENTES/EVOLUTION NUTRITION/evolution/app/code/core/Mage/Core/Model/Config/Data.php(78): Mage_Adminhtml_Model_System_Config_Backend_Serialized->_afterLoad()
#3 /Users/Vanssiler/Desktop/TRABALHOS/SMARTUX/CLIENTES/EVOLUTION NUTRITION/evolution/app/code/core/Mage/Adminhtml/Block/System/Config/Form.php(334): Mage_Core_Model_Config_Data->afterLoad()
#4 /Users/Vanssiler/Desktop/TRABALHOS/SMARTUX/CLIENTES/EVOLUTION NUTRITION/evolution/app/code/core/Mage/Adminhtml/Block/System/Config/Form.php(229): Mage_Adminhtml_Block_System_Config_Form->initFields(Object(Varien_Data_Form_Element_Fieldset), Object(Mage_Core_Model_Config_Element), Object(Mage_Core_Model_Config_Element))
#5 /Users/Vanssiler/Desktop/TRABALHOS/SMARTUX/CLIENTES/EVOLUTION NUTRITION/evolution/app/code/core/Mage/Adminhtml/Block/System/Config/Form.php(164): Mage_Adminhtml_Block_System_Config_Form->_initGroup(Object(Varien_Data_Form), Object(Mage_Core_Model_Config_Element), Object(Mage_Core_Model_Config_Element))
#6 /Users/Vanssiler/Desktop/TRABALHOS/SMARTUX/CLIENTES/EVOLUTION NUTRITION/evolution/app/code/core/Mage/Adminhtml/Block/System/Config/Edit.php(92): Mage_Adminhtml_Block_System_Config_Form->initForm()
#7 /Users/Vanssiler/Desktop/TRABALHOS/SMARTUX/CLIENTES/EVOLUTION NUTRITION/evolution/app/code/core/Mage/Adminhtml/controllers/System/ConfigController.php(107): Mage_Adminhtml_Block_System_Config_Edit->initForm()
#8 /Users/Vanssiler/Desktop/TRABALHOS/SMARTUX/CLIENTES/EVOLUTION NUTRITION/evolution/app/code/core/Mage/Core/Controller/Varien/Action.php(418): Mage_Adminhtml_System_ConfigController->editAction()
#9 /Users/Vanssiler/Desktop/TRABALHOS/SMARTUX/CLIENTES/EVOLUTION NUTRITION/evolution/app/code/core/Mage/Core/Controller/Varien/Router/Standard.php(254): Mage_Core_Controller_Varien_Action->dispatch('edit')
#10 /Users/Vanssiler/Desktop/TRABALHOS/SMARTUX/CLIENTES/EVOLUTION NUTRITION/evolution/app/code/core/Mage/Core/Controller/Varien/Front.php(172): Mage_Core_Controller_Varien_Router_Standard->match(Object(Mage_Core_Controller_Request_Http))
#11 /Users/Vanssiler/Desktop/TRABALHOS/SMARTUX/CLIENTES/EVOLUTION NUTRITION/evolution/app/code/core/Mage/Core/Model/App.php(365): Mage_Core_Controller_Varien_Front->dispatch()
#12 /Users/Vanssiler/Desktop/TRABALHOS/SMARTUX/CLIENTES/EVOLUTION NUTRITION/evolution/app/Mage.php(683): Mage_Core_Model_App->run(Array)
#13 /Users/Vanssiler/Desktop/TRABALHOS/SMARTUX/CLIENTES/EVOLUTION NUTRITION/evolution/index.php(83): Mage::run('', 'store')
#14 {main}
