2019-09-08T20:00:22+00:00 DEBUG (7): No existing file found with hash 32be2a5010efa5a3b4ba5d2f4ed56cfe
2019-09-08T20:00:25+00:00 DEBUG (7): Write to compression Folder : /Users/Vanssiler/Desktop/TRABALHOS/SMARTUX/CLIENTES/EVOLUTION NUTRITION/evolution/media/catalog/product/optimized/5/5/55a83b53374b0d65d6704dccc4b1ed87/ca_leo_de_cartamo_120_cap._evo.jpg
2019-09-08T20:00:27+00:00 DEBUG (7): Compressed: ca_leo_de_cartamo_120_cap._evo.jpg - Variant: thumbnail - Size (WxH): 150x - Bytes saved: 434 - Compressed Before - Path: /Users/Vanssiler/Desktop/TRABALHOS/SMARTUX/CLIENTES/EVOLUTION NUTRITION/evolution/media/catalog/product/optimized/5/5/55a83b53374b0d65d6704dccc4b1ed87/ca_leo_de_cartamo_120_cap._evo.jpg
2019-09-08T20:00:42+00:00 DEBUG (7): No existing file found with hash 2abc8376f63523a6a3186fe57f2b5ca4
2019-09-08T20:00:46+00:00 DEBUG (7): Write to compression Folder : /Users/Vanssiler/Desktop/TRABALHOS/SMARTUX/CLIENTES/EVOLUTION NUTRITION/evolution/media/catalog/product/optimized/c/3/c34fdac9d66df3a8b38e4ff55bdcced2/ca_leo_de_cartamo_120_cap._evo.jpg
2019-09-08T20:00:47+00:00 DEBUG (7): Compressed: ca_leo_de_cartamo_120_cap._evo.jpg - Variant: thumbnail - Size (WxH): 100x100 - Bytes saved: 249 - Compressed Before - Path: /Users/Vanssiler/Desktop/TRABALHOS/SMARTUX/CLIENTES/EVOLUTION NUTRITION/evolution/media/catalog/product/optimized/c/3/c34fdac9d66df3a8b38e4ff55bdcced2/ca_leo_de_cartamo_120_cap._evo.jpg
2019-09-08T20:01:47+00:00 DEBUG (7): Copying the source file from /Users/Vanssiler/Desktop/TRABALHOS/SMARTUX/CLIENTES/EVOLUTION NUTRITION/evolution/media/catalog/product/optimized/d/7/d7fd9452e2c4f5c78d523ac3763e6d6b/last_amino_450g_evo-mix_berry_1.jpg to /Users/Vanssiler/Desktop/TRABALHOS/SMARTUX/CLIENTES/EVOLUTION NUTRITION/evolution/media/catalog/product/cache/1/image/85e4522595efc69f496374d01ef2bf13/l/a/last_amino_450g_evo-mix_berry.jpg
2019-09-08T20:01:47+00:00 DEBUG (7): Product large image type is not selected for optimization
2019-09-08T20:01:47+00:00 DEBUG (7): Compression is not allowed at this moment.
2019-09-08T20:01:47+00:00 DEBUG (7): Compression is not allowed at this moment.
2019-09-08T20:23:21+00:00 DEBUG (7): No existing file found with hash e30d3de75b9ce55866584bbb7619189e
2019-09-08T20:23:24+00:00 DEBUG (7): Write to compression Folder : /Users/Vanssiler/Desktop/TRABALHOS/SMARTUX/CLIENTES/EVOLUTION NUTRITION/evolution/media/catalog/product/optimized/c/9/c9f7bdd2fb74c72cdc568b8a8c7abc46/testo_sarms_90_cap_evo.jpg
2019-09-08T20:23:26+00:00 DEBUG (7): Compressed: testo_sarms_90_cap_evo.jpg - Variant: small_image - Size (WxH): 280x - Bytes saved: 866 - Compressed Before - Path: /Users/Vanssiler/Desktop/TRABALHOS/SMARTUX/CLIENTES/EVOLUTION NUTRITION/evolution/media/catalog/product/optimized/c/9/c9f7bdd2fb74c72cdc568b8a8c7abc46/testo_sarms_90_cap_evo.jpg
2019-09-08T20:23:26+00:00 DEBUG (7): No existing file found with hash ce831033abdd1516661aa7acda28fa6b
2019-09-08T20:23:29+00:00 DEBUG (7): Write to compression Folder : /Users/Vanssiler/Desktop/TRABALHOS/SMARTUX/CLIENTES/EVOLUTION NUTRITION/evolution/media/catalog/product/optimized/e/7/e73521bdde8d61773b89f029d921b2b1/last_amino_450g_evo-mix_berry.jpg
2019-09-08T20:23:30+00:00 DEBUG (7): Compressed: last_amino_450g_evo-mix_berry.jpg - Variant: small_image - Size (WxH): 280x - Bytes saved: 1127 - Compressed Before - Path: /Users/Vanssiler/Desktop/TRABALHOS/SMARTUX/CLIENTES/EVOLUTION NUTRITION/evolution/media/catalog/product/optimized/e/7/e73521bdde8d61773b89f029d921b2b1/last_amino_450g_evo-mix_berry.jpg
2019-09-08T20:23:31+00:00 DEBUG (7): No existing file found with hash 6be0c9c46bec27bd68570a597f816012
2019-09-08T20:23:35+00:00 DEBUG (7): Write to compression Folder : /Users/Vanssiler/Desktop/TRABALHOS/SMARTUX/CLIENTES/EVOLUTION NUTRITION/evolution/media/catalog/product/optimized/4/f/4f4a698636a94e711385fb4787593e99/creatina_creapure_400g_evo_mulher_1.jpg
2019-09-08T20:23:36+00:00 DEBUG (7): Compressed: creatina_creapure_400g_evo_mulher_1.jpg - Variant: small_image - Size (WxH): 280x - Bytes saved: 0 - Compressed Before - Path: /Users/Vanssiler/Desktop/TRABALHOS/SMARTUX/CLIENTES/EVOLUTION NUTRITION/evolution/media/catalog/product/optimized/4/f/4f4a698636a94e711385fb4787593e99/creatina_creapure_400g_evo_mulher_1.jpg
2019-09-08T20:23:36+00:00 DEBUG (7): No existing file found with hash dd6f618f96d77757e4d64a85f318a7f8
2019-09-08T20:23:40+00:00 DEBUG (7): Write to compression Folder : /Users/Vanssiler/Desktop/TRABALHOS/SMARTUX/CLIENTES/EVOLUTION NUTRITION/evolution/media/catalog/product/optimized/4/f/4f4a698636a94e711385fb4787593e99/creatina_200g_evo_1.jpg
2019-09-08T20:23:41+00:00 DEBUG (7): Compressed: creatina_200g_evo_1.jpg - Variant: small_image - Size (WxH): 280x - Bytes saved: 1291 - Compressed Before - Path: /Users/Vanssiler/Desktop/TRABALHOS/SMARTUX/CLIENTES/EVOLUTION NUTRITION/evolution/media/catalog/product/optimized/4/f/4f4a698636a94e711385fb4787593e99/creatina_200g_evo_1.jpg
2019-09-08T20:23:55+00:00 DEBUG (7): Copying the source file from /Users/Vanssiler/Desktop/TRABALHOS/SMARTUX/CLIENTES/EVOLUTION NUTRITION/evolution/media/catalog/product/optimized/9/d/9d3a3d78b8db430934baf4728fb5ce3b/creatina_creapure_400g_evo_mulher_1.jpg to /Users/Vanssiler/Desktop/TRABALHOS/SMARTUX/CLIENTES/EVOLUTION NUTRITION/evolution/media/catalog/product/cache/1/image/85e4522595efc69f496374d01ef2bf13/c/r/creatina_creapure_400g_evo_mulher_1.jpg
2019-09-08T20:23:56+00:00 DEBUG (7): Product large image type is not selected for optimization
2019-09-08T20:23:56+00:00 DEBUG (7): Compression is not allowed at this moment.
2019-09-08T20:23:56+00:00 DEBUG (7): Compression is not allowed at this moment.
2019-09-08T20:33:37+00:00 DEBUG (7): No existing file found with hash b92edafb5e0af526236f19de73d2832b
2019-09-08T20:33:41+00:00 DEBUG (7): Write to compression Folder : /Users/Vanssiler/Desktop/TRABALHOS/SMARTUX/CLIENTES/EVOLUTION NUTRITION/evolution/media/catalog/product/optimized/4/9/49308d073d09037778a9db0948d5bf92/testo_sarms_90_cap_evo.jpg
2019-09-08T20:33:42+00:00 DEBUG (7): Compressed: testo_sarms_90_cap_evo.jpg - Variant: small_image - Size (WxH): 135x - Bytes saved: 206 - Compressed Before - Path: /Users/Vanssiler/Desktop/TRABALHOS/SMARTUX/CLIENTES/EVOLUTION NUTRITION/evolution/media/catalog/product/optimized/4/9/49308d073d09037778a9db0948d5bf92/testo_sarms_90_cap_evo.jpg
2019-09-08T20:33:42+00:00 DEBUG (7): No existing file found with hash af1ad9ae31dfd6f56ddeaade9050b6eb
2019-09-08T20:33:45+00:00 DEBUG (7): Write to compression Folder : /Users/Vanssiler/Desktop/TRABALHOS/SMARTUX/CLIENTES/EVOLUTION NUTRITION/evolution/media/catalog/product/optimized/5/9/598e67e29090d93f1a9484fba9525f63/last_amino_450g_evo-mix_berry.jpg
2019-09-08T20:33:46+00:00 DEBUG (7): Compressed: last_amino_450g_evo-mix_berry.jpg - Variant: small_image - Size (WxH): 135x - Bytes saved: 343 - Compressed Before - Path: /Users/Vanssiler/Desktop/TRABALHOS/SMARTUX/CLIENTES/EVOLUTION NUTRITION/evolution/media/catalog/product/optimized/5/9/598e67e29090d93f1a9484fba9525f63/last_amino_450g_evo-mix_berry.jpg
2019-09-08T20:33:47+00:00 DEBUG (7): No existing file found with hash 9436a87f33ff5d124118b4b72861a3ab
2019-09-08T20:33:50+00:00 DEBUG (7): Write to compression Folder : /Users/Vanssiler/Desktop/TRABALHOS/SMARTUX/CLIENTES/EVOLUTION NUTRITION/evolution/media/catalog/product/optimized/6/a/6a9cfcfd8ea93fc3b68f3ce6edbf0f15/creatina_creapure_400g_evo_mulher_1.jpg
2019-09-08T20:33:51+00:00 DEBUG (7): Compressed: creatina_creapure_400g_evo_mulher_1.jpg - Variant: small_image - Size (WxH): 135x - Bytes saved: 137 - Compressed Before - Path: /Users/Vanssiler/Desktop/TRABALHOS/SMARTUX/CLIENTES/EVOLUTION NUTRITION/evolution/media/catalog/product/optimized/6/a/6a9cfcfd8ea93fc3b68f3ce6edbf0f15/creatina_creapure_400g_evo_mulher_1.jpg
2019-09-08T20:33:51+00:00 DEBUG (7): No existing file found with hash 3e235c46b4cffa46da9a4a0ac6192d5b
2019-09-08T20:33:54+00:00 DEBUG (7): Write to compression Folder : /Users/Vanssiler/Desktop/TRABALHOS/SMARTUX/CLIENTES/EVOLUTION NUTRITION/evolution/media/catalog/product/optimized/6/a/6a9cfcfd8ea93fc3b68f3ce6edbf0f15/creatina_200g_evo_1.jpg
2019-09-08T20:33:56+00:00 DEBUG (7): Compressed: creatina_200g_evo_1.jpg - Variant: small_image - Size (WxH): 135x - Bytes saved: 487 - Compressed Before - Path: /Users/Vanssiler/Desktop/TRABALHOS/SMARTUX/CLIENTES/EVOLUTION NUTRITION/evolution/media/catalog/product/optimized/6/a/6a9cfcfd8ea93fc3b68f3ce6edbf0f15/creatina_200g_evo_1.jpg
2019-10-16T01:24:03+00:00 DEBUG (7): No existing file found with hash 08593ba03e55c97b84af8ef880418cc7
2019-10-16T01:24:06+00:00 DEBUG (7): Write to compression Folder : /Users/Vanssiler/Desktop/TRABALHOS/SMARTUX/CLIENTES/EVOLUTION NUTRITION/evolution/media/catalog/product/optimized/7/2/7240ca322951ea6b5a52072f65519dc5/whey_protein_isolada_hidrolisada_1kg_evo-original.jpg
2019-10-16T01:24:07+00:00 DEBUG (7): Compressed: whey_protein_isolada_hidrolisada_1kg_evo-original.jpg - Variant: thumbnail - Size (WxH): 100x100 - Bytes saved: 413 - Compressed Before - Path: /Users/Vanssiler/Desktop/TRABALHOS/SMARTUX/CLIENTES/EVOLUTION NUTRITION/evolution/media/catalog/product/optimized/7/2/7240ca322951ea6b5a52072f65519dc5/whey_protein_isolada_hidrolisada_1kg_evo-original.jpg
2019-10-16T01:24:08+00:00 DEBUG (7): No existing file found with hash f9591b5e873b71d5549a1ba7cf421541
2019-10-16T01:24:11+00:00 DEBUG (7): Write to compression Folder : /Users/Vanssiler/Desktop/TRABALHOS/SMARTUX/CLIENTES/EVOLUTION NUTRITION/evolution/media/catalog/product/optimized/9/2/920549c7b5419d7beae9e13465f259ba/last_amino_450g_evo-mix_berry.jpg
2019-10-16T01:24:12+00:00 DEBUG (7): Compressed: last_amino_450g_evo-mix_berry.jpg - Variant: thumbnail - Size (WxH): 100x100 - Bytes saved: 313 - Compressed Before - Path: /Users/Vanssiler/Desktop/TRABALHOS/SMARTUX/CLIENTES/EVOLUTION NUTRITION/evolution/media/catalog/product/optimized/9/2/920549c7b5419d7beae9e13465f259ba/last_amino_450g_evo-mix_berry.jpg
2019-10-16T01:24:28+00:00 DEBUG (7): No existing file found with hash ed23dac61bce9e06a451fd2da53de6f6
2019-10-16T01:24:40+00:00 DEBUG (7): Write to compression Folder : /Users/Vanssiler/Desktop/TRABALHOS/SMARTUX/CLIENTES/EVOLUTION NUTRITION/evolution/media/catalog/product/optimized/6/a/6ac21fb1d64b03f8a112305f33f5a695/testo_sarms_90_cap_evo.jpg
2019-10-16T01:24:42+00:00 DEBUG (7): Compressed: testo_sarms_90_cap_evo.jpg - Variant: image - Size (WxH): x - Bytes saved: 191702 - Compressed Before - Path: /Users/Vanssiler/Desktop/TRABALHOS/SMARTUX/CLIENTES/EVOLUTION NUTRITION/evolution/media/catalog/product/optimized/6/a/6ac21fb1d64b03f8a112305f33f5a695/testo_sarms_90_cap_evo.jpg
2019-10-16T01:24:43+00:00 DEBUG (7): Product large image type is not selected for optimization
2019-10-16T01:24:43+00:00 DEBUG (7): Compression is not allowed at this moment.
2019-10-16T01:24:43+00:00 DEBUG (7): Compression is not allowed at this moment.
2019-10-16T01:24:43+00:00 DEBUG (7): Product large image type is not selected for optimization
2019-10-16T01:24:43+00:00 DEBUG (7): Compression is not allowed at this moment.
2019-10-16T01:24:43+00:00 DEBUG (7): Compression is not allowed at this moment.
2019-10-16T01:42:20+00:00 DEBUG (7): Copying the source file from /Users/Vanssiler/Desktop/TRABALHOS/SMARTUX/CLIENTES/EVOLUTION NUTRITION/evolution/media/catalog/product/optimized/9/d/9d3a3d78b8db430934baf4728fb5ce3b/creatina_200g_evo_1.jpg to /Users/Vanssiler/Desktop/TRABALHOS/SMARTUX/CLIENTES/EVOLUTION NUTRITION/evolution/media/catalog/product/cache/1/image/85e4522595efc69f496374d01ef2bf13/c/r/creatina_200g_evo_1.jpg
2019-10-16T01:42:20+00:00 DEBUG (7): Product large image type is not selected for optimization
2019-10-16T01:42:20+00:00 DEBUG (7): Compression is not allowed at this moment.
2019-10-16T01:42:20+00:00 DEBUG (7): Compression is not allowed at this moment.
2019-10-16T01:42:20+00:00 DEBUG (7): Product large image type is not selected for optimization
2019-10-16T01:42:20+00:00 DEBUG (7): Compression is not allowed at this moment.
2019-10-16T01:42:20+00:00 DEBUG (7): Compression is not allowed at this moment.
2019-10-16T01:42:21+00:00 DEBUG (7): Product large image type is not selected for optimization
2019-10-16T01:42:21+00:00 DEBUG (7): Compression is not allowed at this moment.
2019-10-16T01:42:21+00:00 DEBUG (7): Compression is not allowed at this moment.
2019-10-16T02:17:44+00:00 DEBUG (7): No existing file found with hash 385084541e812c6b2717c436822d9a94
2019-10-16T02:17:48+00:00 DEBUG (7): Write to compression Folder : /Users/Vanssiler/Desktop/TRABALHOS/SMARTUX/CLIENTES/EVOLUTION NUTRITION/evolution/media/catalog/product/optimized/e/1/e198a60c52dc4151b55de373e625f89c/whey_protein_concentrada_e_isolada_2_4kg_evo-napolitano.jpg
2019-10-16T02:17:49+00:00 DEBUG (7): Compressed: whey_protein_concentrada_e_isolada_2_4kg_evo-napolitano.jpg - Variant: image - Size (WxH): 135x135 - Bytes saved: 122 - Compressed Before - Path: /Users/Vanssiler/Desktop/TRABALHOS/SMARTUX/CLIENTES/EVOLUTION NUTRITION/evolution/media/catalog/product/optimized/e/1/e198a60c52dc4151b55de373e625f89c/whey_protein_concentrada_e_isolada_2_4kg_evo-napolitano.jpg
2019-10-16T02:38:12+00:00 DEBUG (7): No existing file found with hash 2784810967c218ddfc2f698cab632cb7
2019-10-16T02:38:15+00:00 DEBUG (7): Write to compression Folder : /Users/Vanssiler/Desktop/TRABALHOS/SMARTUX/CLIENTES/EVOLUTION NUTRITION/evolution/media/catalog/product/optimized/2/6/26bdedc4580441b997c1e937aa043de2/hair_skin_nails_60_cap._liq._evo.jpeg
2019-10-16T02:38:16+00:00 DEBUG (7): Compressed: hair_skin_nails_60_cap._liq._evo.jpeg - Variant: image - Size (WxH): 135x135 - Bytes saved: 328 - Compressed Before - Path: /Users/Vanssiler/Desktop/TRABALHOS/SMARTUX/CLIENTES/EVOLUTION NUTRITION/evolution/media/catalog/product/optimized/2/6/26bdedc4580441b997c1e937aa043de2/hair_skin_nails_60_cap._liq._evo.jpeg
2019-10-16T02:38:48+00:00 DEBUG (7): No existing file found with hash 209e703d4bd322f9660486da16caf687
2019-10-16T02:38:51+00:00 DEBUG (7): Write to compression Folder : /Users/Vanssiler/Desktop/TRABALHOS/SMARTUX/CLIENTES/EVOLUTION NUTRITION/evolution/media/catalog/product/optimized/e/c/ecb26f69e818a58fd1a9e7071b55cd3b/ca_leo_de_cartamo_120_cap._evo.jpg
2019-10-16T02:38:52+00:00 DEBUG (7): Compressed: ca_leo_de_cartamo_120_cap._evo.jpg - Variant: image - Size (WxH): 135x135 - Bytes saved: 300 - Compressed Before - Path: /Users/Vanssiler/Desktop/TRABALHOS/SMARTUX/CLIENTES/EVOLUTION NUTRITION/evolution/media/catalog/product/optimized/e/c/ecb26f69e818a58fd1a9e7071b55cd3b/ca_leo_de_cartamo_120_cap._evo.jpg
2019-10-16T04:07:47+00:00 DEBUG (7): Copying the source file from /Users/Vanssiler/Desktop/TRABALHOS/SMARTUX/CLIENTES/EVOLUTION NUTRITION/evolution/media/catalog/product/optimized/5/9/598e67e29090d93f1a9484fba9525f63/last_amino_450g_evo-mix_berry.jpg to /Users/Vanssiler/Desktop/TRABALHOS/SMARTUX/CLIENTES/EVOLUTION NUTRITION/evolution/media/catalog/product/cache/1/image/135x135/85e4522595efc69f496374d01ef2bf13/l/a/last_amino_450g_evo-mix_berry.jpg
2019-10-16T04:08:04+00:00 DEBUG (7): No existing file found with hash 5217085b33bd3ab79660ce3e8619e56d
2019-10-16T04:08:07+00:00 DEBUG (7): Write to compression Folder : /Users/Vanssiler/Desktop/TRABALHOS/SMARTUX/CLIENTES/EVOLUTION NUTRITION/evolution/media/catalog/product/optimized/e/1/e198a60c52dc4151b55de373e625f89c/whey_protein_isolada_hidrolisada_1kg_evo-original.jpg
2019-10-16T04:08:08+00:00 DEBUG (7): Compressed: whey_protein_isolada_hidrolisada_1kg_evo-original.jpg - Variant: image - Size (WxH): 135x135 - Bytes saved: 427 - Compressed Before - Path: /Users/Vanssiler/Desktop/TRABALHOS/SMARTUX/CLIENTES/EVOLUTION NUTRITION/evolution/media/catalog/product/optimized/e/1/e198a60c52dc4151b55de373e625f89c/whey_protein_isolada_hidrolisada_1kg_evo-original.jpg
2019-10-16T04:41:14+00:00 DEBUG (7): No existing file found with hash 264f8370e55bf96a7c29da4a5f100bf9
2019-10-16T04:41:17+00:00 DEBUG (7): Write to compression Folder : /Users/Vanssiler/Desktop/TRABALHOS/SMARTUX/CLIENTES/EVOLUTION NUTRITION/evolution/media/catalog/product/optimized/5/3/53cf65dc8d250dd40786c5f3d7e07551/creatina_200g_evo_1.jpg
2019-10-16T04:41:19+00:00 DEBUG (7): Compressed: creatina_200g_evo_1.jpg - Variant: thumbnail - Size (WxH): 100x100 - Bytes saved: 415 - Compressed Before - Path: /Users/Vanssiler/Desktop/TRABALHOS/SMARTUX/CLIENTES/EVOLUTION NUTRITION/evolution/media/catalog/product/optimized/5/3/53cf65dc8d250dd40786c5f3d7e07551/creatina_200g_evo_1.jpg
2019-10-16T04:55:15+00:00 DEBUG (7): No existing file found with hash 455da31b11aae21a7873149bd212d0e9
2019-10-16T04:55:19+00:00 DEBUG (7): Write to compression Folder : /Users/Vanssiler/Desktop/TRABALHOS/SMARTUX/CLIENTES/EVOLUTION NUTRITION/evolution/media/catalog/product/optimized/8/d/8ddf2754098a44da97d21f7d6c7ef1ca/testo_sarms_90_cap_evo.jpg
2019-10-16T04:55:20+00:00 DEBUG (7): Compressed: testo_sarms_90_cap_evo.jpg - Variant: thumbnail - Size (WxH): 100x100 - Bytes saved: 286 - Compressed Before - Path: /Users/Vanssiler/Desktop/TRABALHOS/SMARTUX/CLIENTES/EVOLUTION NUTRITION/evolution/media/catalog/product/optimized/8/d/8ddf2754098a44da97d21f7d6c7ef1ca/testo_sarms_90_cap_evo.jpg
2019-10-16T05:20:52+00:00 DEBUG (7): No existing file found with hash 953cbd626001338150a5882d64343dd5
2019-10-16T05:20:56+00:00 DEBUG (7): Write to compression Folder : /Users/Vanssiler/Desktop/TRABALHOS/SMARTUX/CLIENTES/EVOLUTION NUTRITION/evolution/media/catalog/product/optimized/4/f/4f4a698636a94e711385fb4787593e99/creatina_creapure_400g_evo_homem_1.jpg
2019-10-16T05:20:57+00:00 DEBUG (7): Compressed: creatina_creapure_400g_evo_homem_1.jpg - Variant: small_image - Size (WxH): 280x - Bytes saved: 0 - Compressed Before - Path: /Users/Vanssiler/Desktop/TRABALHOS/SMARTUX/CLIENTES/EVOLUTION NUTRITION/evolution/media/catalog/product/optimized/4/f/4f4a698636a94e711385fb4787593e99/creatina_creapure_400g_evo_homem_1.jpg
2019-10-16T05:20:57+00:00 DEBUG (7): No existing file found with hash 3ede3bc4048bd0ed6014b4dfebb9e8ea
2019-10-16T05:21:02+00:00 DEBUG (7): Write to compression Folder : /Users/Vanssiler/Desktop/TRABALHOS/SMARTUX/CLIENTES/EVOLUTION NUTRITION/evolution/media/catalog/product/optimized/4/e/4e6e7d2ae5c95cc09e43336c276fa9da/whey_protein_isolada_hidrolisada_2_4kg_evo-chocolate_2.jpeg
2019-10-16T05:21:03+00:00 DEBUG (7): Compressed: whey_protein_isolada_hidrolisada_2_4kg_evo-chocolate_2.jpeg - Variant: small_image - Size (WxH): 280x - Bytes saved: 494 - Compressed Before - Path: /Users/Vanssiler/Desktop/TRABALHOS/SMARTUX/CLIENTES/EVOLUTION NUTRITION/evolution/media/catalog/product/optimized/4/e/4e6e7d2ae5c95cc09e43336c276fa9da/whey_protein_isolada_hidrolisada_2_4kg_evo-chocolate_2.jpeg
2019-10-16T05:21:03+00:00 DEBUG (7): No existing file found with hash fbc0edeb604c972bb0e2d55d8f3bef79
2019-10-16T05:21:08+00:00 DEBUG (7): Write to compression Folder : /Users/Vanssiler/Desktop/TRABALHOS/SMARTUX/CLIENTES/EVOLUTION NUTRITION/evolution/media/catalog/product/optimized/4/e/4e6e7d2ae5c95cc09e43336c276fa9da/whey_protein_isolada_hidrolisada_2_4kg_evo-morango_2.jpeg
2019-10-16T05:21:09+00:00 DEBUG (7): Compressed: whey_protein_isolada_hidrolisada_2_4kg_evo-morango_2.jpeg - Variant: small_image - Size (WxH): 280x - Bytes saved: 378 - Compressed Before - Path: /Users/Vanssiler/Desktop/TRABALHOS/SMARTUX/CLIENTES/EVOLUTION NUTRITION/evolution/media/catalog/product/optimized/4/e/4e6e7d2ae5c95cc09e43336c276fa9da/whey_protein_isolada_hidrolisada_2_4kg_evo-morango_2.jpeg
2019-10-16T05:21:10+00:00 DEBUG (7): No existing file found with hash 6c9f9889c0c365821d16e0410d870a9c
2019-10-16T05:21:14+00:00 DEBUG (7): Write to compression Folder : /Users/Vanssiler/Desktop/TRABALHOS/SMARTUX/CLIENTES/EVOLUTION NUTRITION/evolution/media/catalog/product/optimized/4/e/4e6e7d2ae5c95cc09e43336c276fa9da/whey_protein_isolada_hidrolisada_2_4kg_evo-baunilha_1.jpeg
2019-10-16T05:21:15+00:00 DEBUG (7): Compressed: whey_protein_isolada_hidrolisada_2_4kg_evo-baunilha_1.jpeg - Variant: small_image - Size (WxH): 280x - Bytes saved: 180 - Compressed Before - Path: /Users/Vanssiler/Desktop/TRABALHOS/SMARTUX/CLIENTES/EVOLUTION NUTRITION/evolution/media/catalog/product/optimized/4/e/4e6e7d2ae5c95cc09e43336c276fa9da/whey_protein_isolada_hidrolisada_2_4kg_evo-baunilha_1.jpeg
2019-10-16T05:21:15+00:00 DEBUG (7): No existing file found with hash e805f72a769b796b9674429cb95ab82e
2019-10-16T05:21:19+00:00 DEBUG (7): Write to compression Folder : /Users/Vanssiler/Desktop/TRABALHOS/SMARTUX/CLIENTES/EVOLUTION NUTRITION/evolution/media/catalog/product/optimized/4/e/4e6e7d2ae5c95cc09e43336c276fa9da/whey_protein_isolada_hidrolisada_2_4kg_evo-original_4.jpeg
2019-10-16T05:21:20+00:00 DEBUG (7): Compressed: whey_protein_isolada_hidrolisada_2_4kg_evo-original_4.jpeg - Variant: small_image - Size (WxH): 280x - Bytes saved: 1436 - Compressed Before - Path: /Users/Vanssiler/Desktop/TRABALHOS/SMARTUX/CLIENTES/EVOLUTION NUTRITION/evolution/media/catalog/product/optimized/4/e/4e6e7d2ae5c95cc09e43336c276fa9da/whey_protein_isolada_hidrolisada_2_4kg_evo-original_4.jpeg
2019-10-16T05:21:20+00:00 DEBUG (7): No existing file found with hash 68a11e25e38ca5edde8fa3b7d8fa8971
2019-10-16T05:21:25+00:00 DEBUG (7): Write to compression Folder : /Users/Vanssiler/Desktop/TRABALHOS/SMARTUX/CLIENTES/EVOLUTION NUTRITION/evolution/media/catalog/product/optimized/4/e/4e6e7d2ae5c95cc09e43336c276fa9da/whey_protein_isolada_hidrolisada_2_4kg_evo-napolitano.jpg
2019-10-16T05:21:27+00:00 DEBUG (7): Compressed: whey_protein_isolada_hidrolisada_2_4kg_evo-napolitano.jpg - Variant: small_image - Size (WxH): 280x - Bytes saved: 38 - Compressed Before - Path: /Users/Vanssiler/Desktop/TRABALHOS/SMARTUX/CLIENTES/EVOLUTION NUTRITION/evolution/media/catalog/product/optimized/4/e/4e6e7d2ae5c95cc09e43336c276fa9da/whey_protein_isolada_hidrolisada_2_4kg_evo-napolitano.jpg
2019-10-16T05:21:27+00:00 DEBUG (7): Copying the source file from /Users/Vanssiler/Desktop/TRABALHOS/SMARTUX/CLIENTES/EVOLUTION NUTRITION/evolution/media/catalog/product/optimized/4/e/4e6e7d2ae5c95cc09e43336c276fa9da/whey_protein_isolada_hidrolisada_2_4kg_evo-original_4.jpeg to /Users/Vanssiler/Desktop/TRABALHOS/SMARTUX/CLIENTES/EVOLUTION NUTRITION/evolution/media/catalog/product/cache/1/small_image/280x/85e4522595efc69f496374d01ef2bf13/w/h/whey_protein_isolada_hidrolisada_2_4kg_evo-original_3.jpeg
2019-10-16T05:21:27+00:00 DEBUG (7): No existing file found with hash 809c3b3ec741b77084548fb4256d7854
2019-10-16T05:21:31+00:00 DEBUG (7): Write to compression Folder : /Users/Vanssiler/Desktop/TRABALHOS/SMARTUX/CLIENTES/EVOLUTION NUTRITION/evolution/media/catalog/product/optimized/4/e/4e6e7d2ae5c95cc09e43336c276fa9da/whey_protein_isolada_hidrolisada_1kg_evo-napolitano.jpg
2019-10-16T05:21:33+00:00 DEBUG (7): Compressed: whey_protein_isolada_hidrolisada_1kg_evo-napolitano.jpg - Variant: small_image - Size (WxH): 280x - Bytes saved: 493 - Compressed Before - Path: /Users/Vanssiler/Desktop/TRABALHOS/SMARTUX/CLIENTES/EVOLUTION NUTRITION/evolution/media/catalog/product/optimized/4/e/4e6e7d2ae5c95cc09e43336c276fa9da/whey_protein_isolada_hidrolisada_1kg_evo-napolitano.jpg
2019-10-16T05:21:33+00:00 DEBUG (7): No existing file found with hash 99094c13ca0bbad249f0e211d6e13d3f
2019-10-16T05:21:37+00:00 DEBUG (7): Write to compression Folder : /Users/Vanssiler/Desktop/TRABALHOS/SMARTUX/CLIENTES/EVOLUTION NUTRITION/evolution/media/catalog/product/optimized/4/e/4e6e7d2ae5c95cc09e43336c276fa9da/whey_protein_isolada_hidrolisada_1kg_evo-original_1.jpg
2019-10-16T05:21:38+00:00 DEBUG (7): Compressed: whey_protein_isolada_hidrolisada_1kg_evo-original_1.jpg - Variant: small_image - Size (WxH): 280x - Bytes saved: 1372 - Compressed Before - Path: /Users/Vanssiler/Desktop/TRABALHOS/SMARTUX/CLIENTES/EVOLUTION NUTRITION/evolution/media/catalog/product/optimized/4/e/4e6e7d2ae5c95cc09e43336c276fa9da/whey_protein_isolada_hidrolisada_1kg_evo-original_1.jpg
2019-10-16T05:21:38+00:00 DEBUG (7): No existing file found with hash e35c6ef73204334c16f11e0010cdfa2a
2019-10-16T05:21:42+00:00 DEBUG (7): Write to compression Folder : /Users/Vanssiler/Desktop/TRABALHOS/SMARTUX/CLIENTES/EVOLUTION NUTRITION/evolution/media/catalog/product/optimized/4/e/4e6e7d2ae5c95cc09e43336c276fa9da/whey_protein_isolada_hidrolisada_1kg_evo-chocolate.jpg
2019-10-16T05:21:43+00:00 DEBUG (7): Compressed: whey_protein_isolada_hidrolisada_1kg_evo-chocolate.jpg - Variant: small_image - Size (WxH): 280x - Bytes saved: 582 - Compressed Before - Path: /Users/Vanssiler/Desktop/TRABALHOS/SMARTUX/CLIENTES/EVOLUTION NUTRITION/evolution/media/catalog/product/optimized/4/e/4e6e7d2ae5c95cc09e43336c276fa9da/whey_protein_isolada_hidrolisada_1kg_evo-chocolate.jpg
2019-10-16T05:21:43+00:00 DEBUG (7): No existing file found with hash 5e19825ce367a711dbb659635df24a74
2019-10-16T05:21:47+00:00 DEBUG (7): Write to compression Folder : /Users/Vanssiler/Desktop/TRABALHOS/SMARTUX/CLIENTES/EVOLUTION NUTRITION/evolution/media/catalog/product/optimized/4/e/4e6e7d2ae5c95cc09e43336c276fa9da/whey_protein_isolada_hidrolisada_1kg_evo-morango.jpg
2019-10-16T05:21:49+00:00 DEBUG (7): Compressed: whey_protein_isolada_hidrolisada_1kg_evo-morango.jpg - Variant: small_image - Size (WxH): 280x - Bytes saved: 471 - Compressed Before - Path: /Users/Vanssiler/Desktop/TRABALHOS/SMARTUX/CLIENTES/EVOLUTION NUTRITION/evolution/media/catalog/product/optimized/4/e/4e6e7d2ae5c95cc09e43336c276fa9da/whey_protein_isolada_hidrolisada_1kg_evo-morango.jpg
2019-10-16T05:22:21+00:00 DEBUG (7): No existing file found with hash d48bd1abb309819bb11791c34ca57cfc
2019-10-16T05:22:25+00:00 DEBUG (7): Write to compression Folder : /Users/Vanssiler/Desktop/TRABALHOS/SMARTUX/CLIENTES/EVOLUTION NUTRITION/evolution/media/catalog/product/optimized/4/8/48f506aac95814877690705192b1b0a5/creatina_creapure_400g_evo_homem_1.jpg
2019-10-16T05:22:27+00:00 DEBUG (7): Compressed: creatina_creapure_400g_evo_homem_1.jpg - Variant: small_image - Size (WxH): 350x - Bytes saved: 0 - Compressed Before - Path: /Users/Vanssiler/Desktop/TRABALHOS/SMARTUX/CLIENTES/EVOLUTION NUTRITION/evolution/media/catalog/product/optimized/4/8/48f506aac95814877690705192b1b0a5/creatina_creapure_400g_evo_homem_1.jpg
2019-10-16T05:22:27+00:00 DEBUG (7): No existing file found with hash 7516c6d20d038558f7ddbed812b34317
2019-10-16T05:22:32+00:00 DEBUG (7): Write to compression Folder : /Users/Vanssiler/Desktop/TRABALHOS/SMARTUX/CLIENTES/EVOLUTION NUTRITION/evolution/media/catalog/product/optimized/4/8/48f506aac95814877690705192b1b0a5/creatina_creapure_400g_evo_mulher_1.jpg
2019-10-16T05:22:33+00:00 DEBUG (7): Compressed: creatina_creapure_400g_evo_mulher_1.jpg - Variant: small_image - Size (WxH): 350x - Bytes saved: 0 - Compressed Before - Path: /Users/Vanssiler/Desktop/TRABALHOS/SMARTUX/CLIENTES/EVOLUTION NUTRITION/evolution/media/catalog/product/optimized/4/8/48f506aac95814877690705192b1b0a5/creatina_creapure_400g_evo_mulher_1.jpg
2019-10-16T05:22:33+00:00 DEBUG (7): No existing file found with hash 9d32e87eac3e44422f96818d905b41b6
2019-10-16T05:22:38+00:00 DEBUG (7): Write to compression Folder : /Users/Vanssiler/Desktop/TRABALHOS/SMARTUX/CLIENTES/EVOLUTION NUTRITION/evolution/media/catalog/product/optimized/f/b/fb77e8479ead280cb473a81c9ff46a22/whey_protein_isolada_hidrolisada_2_4kg_evo-chocolate_2.jpeg
2019-10-16T05:22:39+00:00 DEBUG (7): Compressed: whey_protein_isolada_hidrolisada_2_4kg_evo-chocolate_2.jpeg - Variant: small_image - Size (WxH): 350x - Bytes saved: 528 - Compressed Before - Path: /Users/Vanssiler/Desktop/TRABALHOS/SMARTUX/CLIENTES/EVOLUTION NUTRITION/evolution/media/catalog/product/optimized/f/b/fb77e8479ead280cb473a81c9ff46a22/whey_protein_isolada_hidrolisada_2_4kg_evo-chocolate_2.jpeg
2019-10-16T05:22:39+00:00 DEBUG (7): No existing file found with hash ed687789affa8de6057f64e4af15bb53
2019-10-16T05:22:45+00:00 DEBUG (7): Write to compression Folder : /Users/Vanssiler/Desktop/TRABALHOS/SMARTUX/CLIENTES/EVOLUTION NUTRITION/evolution/media/catalog/product/optimized/f/b/fb77e8479ead280cb473a81c9ff46a22/whey_protein_isolada_hidrolisada_2_4kg_evo-morango_2.jpeg
2019-10-16T05:22:46+00:00 DEBUG (7): Compressed: whey_protein_isolada_hidrolisada_2_4kg_evo-morango_2.jpeg - Variant: small_image - Size (WxH): 350x - Bytes saved: 403 - Compressed Before - Path: /Users/Vanssiler/Desktop/TRABALHOS/SMARTUX/CLIENTES/EVOLUTION NUTRITION/evolution/media/catalog/product/optimized/f/b/fb77e8479ead280cb473a81c9ff46a22/whey_protein_isolada_hidrolisada_2_4kg_evo-morango_2.jpeg
2019-10-16T05:22:46+00:00 DEBUG (7): No existing file found with hash bf5e5b93332e73ede54250757bf58220
2019-10-16T05:22:51+00:00 DEBUG (7): Write to compression Folder : /Users/Vanssiler/Desktop/TRABALHOS/SMARTUX/CLIENTES/EVOLUTION NUTRITION/evolution/media/catalog/product/optimized/f/b/fb77e8479ead280cb473a81c9ff46a22/whey_protein_isolada_hidrolisada_2_4kg_evo-baunilha_1.jpeg
2019-10-16T05:22:53+00:00 DEBUG (7): Compressed: whey_protein_isolada_hidrolisada_2_4kg_evo-baunilha_1.jpeg - Variant: small_image - Size (WxH): 350x - Bytes saved: 446 - Compressed Before - Path: /Users/Vanssiler/Desktop/TRABALHOS/SMARTUX/CLIENTES/EVOLUTION NUTRITION/evolution/media/catalog/product/optimized/f/b/fb77e8479ead280cb473a81c9ff46a22/whey_protein_isolada_hidrolisada_2_4kg_evo-baunilha_1.jpeg
2019-10-16T05:22:54+00:00 DEBUG (7): No existing file found with hash 958fdb3c216986c1681193130ce47b26
2019-10-16T05:22:58+00:00 DEBUG (7): Write to compression Folder : /Users/Vanssiler/Desktop/TRABALHOS/SMARTUX/CLIENTES/EVOLUTION NUTRITION/evolution/media/catalog/product/optimized/f/b/fb77e8479ead280cb473a81c9ff46a22/whey_protein_isolada_hidrolisada_2_4kg_evo-original_4.jpeg
2019-10-16T05:22:59+00:00 DEBUG (7): Compressed: whey_protein_isolada_hidrolisada_2_4kg_evo-original_4.jpeg - Variant: small_image - Size (WxH): 350x - Bytes saved: 1857 - Compressed Before - Path: /Users/Vanssiler/Desktop/TRABALHOS/SMARTUX/CLIENTES/EVOLUTION NUTRITION/evolution/media/catalog/product/optimized/f/b/fb77e8479ead280cb473a81c9ff46a22/whey_protein_isolada_hidrolisada_2_4kg_evo-original_4.jpeg
2019-10-16T05:22:59+00:00 DEBUG (7): No existing file found with hash 10bb869752f19423ff489bb32c45014d
2019-10-16T05:23:03+00:00 DEBUG (7): Write to compression Folder : /Users/Vanssiler/Desktop/TRABALHOS/SMARTUX/CLIENTES/EVOLUTION NUTRITION/evolution/media/catalog/product/optimized/f/b/fb77e8479ead280cb473a81c9ff46a22/whey_protein_isolada_hidrolisada_2_4kg_evo-napolitano.jpg
2019-10-16T05:23:05+00:00 DEBUG (7): Compressed: whey_protein_isolada_hidrolisada_2_4kg_evo-napolitano.jpg - Variant: small_image - Size (WxH): 350x - Bytes saved: 544 - Compressed Before - Path: /Users/Vanssiler/Desktop/TRABALHOS/SMARTUX/CLIENTES/EVOLUTION NUTRITION/evolution/media/catalog/product/optimized/f/b/fb77e8479ead280cb473a81c9ff46a22/whey_protein_isolada_hidrolisada_2_4kg_evo-napolitano.jpg
2019-10-16T05:23:05+00:00 DEBUG (7): Copying the source file from /Users/Vanssiler/Desktop/TRABALHOS/SMARTUX/CLIENTES/EVOLUTION NUTRITION/evolution/media/catalog/product/optimized/f/b/fb77e8479ead280cb473a81c9ff46a22/whey_protein_isolada_hidrolisada_2_4kg_evo-original_4.jpeg to /Users/Vanssiler/Desktop/TRABALHOS/SMARTUX/CLIENTES/EVOLUTION NUTRITION/evolution/media/catalog/product/cache/1/small_image/350x/85e4522595efc69f496374d01ef2bf13/w/h/whey_protein_isolada_hidrolisada_2_4kg_evo-original_3.jpeg
2019-10-16T05:23:05+00:00 DEBUG (7): No existing file found with hash 76197fda84f3bf6c7ed4de6920c92689
2019-10-16T05:23:10+00:00 DEBUG (7): Write to compression Folder : /Users/Vanssiler/Desktop/TRABALHOS/SMARTUX/CLIENTES/EVOLUTION NUTRITION/evolution/media/catalog/product/optimized/f/b/fb77e8479ead280cb473a81c9ff46a22/whey_protein_isolada_hidrolisada_1kg_evo-napolitano.jpg
2019-10-16T05:23:12+00:00 DEBUG (7): Compressed: whey_protein_isolada_hidrolisada_1kg_evo-napolitano.jpg - Variant: small_image - Size (WxH): 350x - Bytes saved: 493 - Compressed Before - Path: /Users/Vanssiler/Desktop/TRABALHOS/SMARTUX/CLIENTES/EVOLUTION NUTRITION/evolution/media/catalog/product/optimized/f/b/fb77e8479ead280cb473a81c9ff46a22/whey_protein_isolada_hidrolisada_1kg_evo-napolitano.jpg
2019-10-16T05:23:12+00:00 DEBUG (7): No existing file found with hash 602be9d79f2a6b3b81b2df405113db5f
2019-10-16T05:23:17+00:00 DEBUG (7): Write to compression Folder : /Users/Vanssiler/Desktop/TRABALHOS/SMARTUX/CLIENTES/EVOLUTION NUTRITION/evolution/media/catalog/product/optimized/f/b/fb77e8479ead280cb473a81c9ff46a22/whey_protein_isolada_hidrolisada_1kg_evo-original_1.jpg
2019-10-16T05:23:18+00:00 DEBUG (7): Compressed: whey_protein_isolada_hidrolisada_1kg_evo-original_1.jpg - Variant: small_image - Size (WxH): 350x - Bytes saved: 1895 - Compressed Before - Path: /Users/Vanssiler/Desktop/TRABALHOS/SMARTUX/CLIENTES/EVOLUTION NUTRITION/evolution/media/catalog/product/optimized/f/b/fb77e8479ead280cb473a81c9ff46a22/whey_protein_isolada_hidrolisada_1kg_evo-original_1.jpg
2019-10-16T05:23:40+00:00 DEBUG (7): No existing file found with hash 91b5d8cde8f6806bda6a400eba608ede
2019-10-16T05:23:43+00:00 DEBUG (7): Write to compression Folder : /Users/Vanssiler/Desktop/TRABALHOS/SMARTUX/CLIENTES/EVOLUTION NUTRITION/evolution/media/catalog/product/optimized/a/2/a2e618c02367dd9834a56a43b9e4b42f/whey_protein_isolada_hidrolisada_1kg_evo-original_1.jpg
2019-10-16T05:23:44+00:00 DEBUG (7): Compressed: whey_protein_isolada_hidrolisada_1kg_evo-original_1.jpg - Variant: thumbnail - Size (WxH): 150x - Bytes saved: 545 - Compressed Before - Path: /Users/Vanssiler/Desktop/TRABALHOS/SMARTUX/CLIENTES/EVOLUTION NUTRITION/evolution/media/catalog/product/optimized/a/2/a2e618c02367dd9834a56a43b9e4b42f/whey_protein_isolada_hidrolisada_1kg_evo-original_1.jpg
2019-10-16T05:24:37+00:00 DEBUG (7): Copying the source file from /Users/Vanssiler/Desktop/TRABALHOS/SMARTUX/CLIENTES/EVOLUTION NUTRITION/evolution/media/catalog/product/optimized/7/2/7240ca322951ea6b5a52072f65519dc5/whey_protein_isolada_hidrolisada_1kg_evo-original.jpg to /Users/Vanssiler/Desktop/TRABALHOS/SMARTUX/CLIENTES/EVOLUTION NUTRITION/evolution/media/catalog/product/cache/1/thumbnail/100x100/85e4522595efc69f496374d01ef2bf13/w/h/whey_protein_isolada_hidrolisada_1kg_evo-original_1.jpg
2019-10-16T05:25:55+00:00 DEBUG (7): No existing file found with hash 6225ebafcf143e8ac0f56735a24ba88e
2019-10-16T05:25:59+00:00 DEBUG (7): Write to compression Folder : /Users/Vanssiler/Desktop/TRABALHOS/SMARTUX/CLIENTES/EVOLUTION NUTRITION/evolution/media/catalog/product/optimized/2/2/22f7616d8feafddc249e046aa6c91b19/09_frente.jpg
2019-10-16T05:26:00+00:00 DEBUG (7): Compressed: 09_frente.jpg - Variant: small_image - Size (WxH): 350x - Bytes saved: 1545 - Compressed Before - Path: /Users/Vanssiler/Desktop/TRABALHOS/SMARTUX/CLIENTES/EVOLUTION NUTRITION/evolution/media/catalog/product/optimized/2/2/22f7616d8feafddc249e046aa6c91b19/09_frente.jpg
2019-10-16T05:26:06+00:00 DEBUG (7): No existing file found with hash b037b07b15d598908d52f8dfb6582d6d
2019-10-16T05:26:10+00:00 DEBUG (7): Write to compression Folder : /Users/Vanssiler/Desktop/TRABALHOS/SMARTUX/CLIENTES/EVOLUTION NUTRITION/evolution/media/catalog/product/optimized/7/2/720dd38460e4734d19bc2db3d5ebe815/09_frente.jpg
2019-10-16T05:26:12+00:00 DEBUG (7): Compressed: 09_frente.jpg - Variant: small_image - Size (WxH): 280x - Bytes saved: 1276 - Compressed Before - Path: /Users/Vanssiler/Desktop/TRABALHOS/SMARTUX/CLIENTES/EVOLUTION NUTRITION/evolution/media/catalog/product/optimized/7/2/720dd38460e4734d19bc2db3d5ebe815/09_frente.jpg
2019-10-16T05:26:31+00:00 DEBUG (7): No existing file found with hash ef65aa0c949c71ff4b367ad6baab7ff9
2019-10-16T05:26:35+00:00 DEBUG (7): Write to compression Folder : /Users/Vanssiler/Desktop/TRABALHOS/SMARTUX/CLIENTES/EVOLUTION NUTRITION/evolution/media/catalog/product/optimized/4/e/4e6e7d2ae5c95cc09e43336c276fa9da/whey_protein_concentrada_e_isolada_900g_evo-original_1.jpg
2019-10-16T05:26:36+00:00 DEBUG (7): Compressed: whey_protein_concentrada_e_isolada_900g_evo-original_1.jpg - Variant: small_image - Size (WxH): 280x - Bytes saved: 909 - Compressed Before - Path: /Users/Vanssiler/Desktop/TRABALHOS/SMARTUX/CLIENTES/EVOLUTION NUTRITION/evolution/media/catalog/product/optimized/4/e/4e6e7d2ae5c95cc09e43336c276fa9da/whey_protein_concentrada_e_isolada_900g_evo-original_1.jpg
2019-10-16T05:26:36+00:00 DEBUG (7): Copying the source file from /Users/Vanssiler/Desktop/TRABALHOS/SMARTUX/CLIENTES/EVOLUTION NUTRITION/evolution/media/catalog/product/optimized/4/e/4e6e7d2ae5c95cc09e43336c276fa9da/whey_protein_concentrada_e_isolada_900g_evo-original_1.jpg to /Users/Vanssiler/Desktop/TRABALHOS/SMARTUX/CLIENTES/EVOLUTION NUTRITION/evolution/media/catalog/product/cache/1/small_image/280x/85e4522595efc69f496374d01ef2bf13/w/h/whey_protein_concentrada_e_isolada_900g_evo-original.jpg
2019-10-16T05:26:37+00:00 DEBUG (7): No existing file found with hash 2c52f9999e7822131f0c8e11e7fad2dc
2019-10-16T05:26:41+00:00 DEBUG (7): Write to compression Folder : /Users/Vanssiler/Desktop/TRABALHOS/SMARTUX/CLIENTES/EVOLUTION NUTRITION/evolution/media/catalog/product/optimized/4/e/4e6e7d2ae5c95cc09e43336c276fa9da/whey_protein_chocolate_1.png
2019-10-16T05:26:43+00:00 DEBUG (7): Compressed: whey_protein_chocolate_1.png - Variant: small_image - Size (WxH): 280x - Bytes saved: 76845 - Compressed Before - Path: /Users/Vanssiler/Desktop/TRABALHOS/SMARTUX/CLIENTES/EVOLUTION NUTRITION/evolution/media/catalog/product/optimized/4/e/4e6e7d2ae5c95cc09e43336c276fa9da/whey_protein_chocolate_1.png
2019-10-16T05:26:43+00:00 DEBUG (7): No existing file found with hash 392e7ae871490008c9c2de539bdfb6ab
2019-10-16T05:26:47+00:00 DEBUG (7): Write to compression Folder : /Users/Vanssiler/Desktop/TRABALHOS/SMARTUX/CLIENTES/EVOLUTION NUTRITION/evolution/media/catalog/product/optimized/4/e/4e6e7d2ae5c95cc09e43336c276fa9da/whey_protein_morango_1.png
2019-10-16T05:26:49+00:00 DEBUG (7): Compressed: whey_protein_morango_1.png - Variant: small_image - Size (WxH): 280x - Bytes saved: 75699 - Compressed Before - Path: /Users/Vanssiler/Desktop/TRABALHOS/SMARTUX/CLIENTES/EVOLUTION NUTRITION/evolution/media/catalog/product/optimized/4/e/4e6e7d2ae5c95cc09e43336c276fa9da/whey_protein_morango_1.png
2019-10-16T05:26:49+00:00 DEBUG (7): No existing file found with hash c828932e36bd32d1e838809c2a7f789a
2019-10-16T05:26:53+00:00 DEBUG (7): Write to compression Folder : /Users/Vanssiler/Desktop/TRABALHOS/SMARTUX/CLIENTES/EVOLUTION NUTRITION/evolution/media/catalog/product/optimized/4/e/4e6e7d2ae5c95cc09e43336c276fa9da/whey_protein_concentrada_e_isolada_900g_evo-napolitano.jpg
2019-10-16T05:26:54+00:00 DEBUG (7): Compressed: whey_protein_concentrada_e_isolada_900g_evo-napolitano.jpg - Variant: small_image - Size (WxH): 280x - Bytes saved: 501 - Compressed Before - Path: /Users/Vanssiler/Desktop/TRABALHOS/SMARTUX/CLIENTES/EVOLUTION NUTRITION/evolution/media/catalog/product/optimized/4/e/4e6e7d2ae5c95cc09e43336c276fa9da/whey_protein_concentrada_e_isolada_900g_evo-napolitano.jpg
2019-10-16T05:26:54+00:00 DEBUG (7): No existing file found with hash ef71f2e5c45bbf4810d812b5192ae18b
2019-10-16T05:26:59+00:00 DEBUG (7): Write to compression Folder : /Users/Vanssiler/Desktop/TRABALHOS/SMARTUX/CLIENTES/EVOLUTION NUTRITION/evolution/media/catalog/product/optimized/4/e/4e6e7d2ae5c95cc09e43336c276fa9da/whey_protein_baunilha_1.png
2019-10-16T05:27:01+00:00 DEBUG (7): Compressed: whey_protein_baunilha_1.png - Variant: small_image - Size (WxH): 280x - Bytes saved: 77005 - Compressed Before - Path: /Users/Vanssiler/Desktop/TRABALHOS/SMARTUX/CLIENTES/EVOLUTION NUTRITION/evolution/media/catalog/product/optimized/4/e/4e6e7d2ae5c95cc09e43336c276fa9da/whey_protein_baunilha_1.png
2019-10-16T05:27:01+00:00 DEBUG (7): No existing file found with hash 501f92c56d0ceea62339388423d4dde6
2019-10-16T05:27:05+00:00 DEBUG (7): Write to compression Folder : /Users/Vanssiler/Desktop/TRABALHOS/SMARTUX/CLIENTES/EVOLUTION NUTRITION/evolution/media/catalog/product/optimized/4/e/4e6e7d2ae5c95cc09e43336c276fa9da/whey_protein_concentrada_e_isolada_2_4kg_evo-original_1.jpg
2019-10-16T05:27:06+00:00 DEBUG (7): Compressed: whey_protein_concentrada_e_isolada_2_4kg_evo-original_1.jpg - Variant: small_image - Size (WxH): 280x - Bytes saved: 929 - Compressed Before - Path: /Users/Vanssiler/Desktop/TRABALHOS/SMARTUX/CLIENTES/EVOLUTION NUTRITION/evolution/media/catalog/product/optimized/4/e/4e6e7d2ae5c95cc09e43336c276fa9da/whey_protein_concentrada_e_isolada_2_4kg_evo-original_1.jpg
2019-10-16T05:27:06+00:00 DEBUG (7): Copying the source file from /Users/Vanssiler/Desktop/TRABALHOS/SMARTUX/CLIENTES/EVOLUTION NUTRITION/evolution/media/catalog/product/optimized/4/e/4e6e7d2ae5c95cc09e43336c276fa9da/whey_protein_concentrada_e_isolada_2_4kg_evo-original_1.jpg to /Users/Vanssiler/Desktop/TRABALHOS/SMARTUX/CLIENTES/EVOLUTION NUTRITION/evolution/media/catalog/product/cache/1/small_image/280x/85e4522595efc69f496374d01ef2bf13/w/h/whey_protein_concentrada_e_isolada_2_4kg_evo-original.jpg
2019-10-16T05:27:07+00:00 DEBUG (7): No existing file found with hash 54649498f6722fbf4617bd57284f0414
2019-10-16T05:27:12+00:00 DEBUG (7): Write to compression Folder : /Users/Vanssiler/Desktop/TRABALHOS/SMARTUX/CLIENTES/EVOLUTION NUTRITION/evolution/media/catalog/product/optimized/a/6/a6075bdbcf7f5ea71d2b1b491d834ddc/1_whey_protein_-_baunilha.png
2019-10-16T05:27:13+00:00 DEBUG (7): Compressed: 1_whey_protein_-_baunilha.png - Variant: small_image - Size (WxH): 280x - Bytes saved: 80519 - Compressed Before - Path: /Users/Vanssiler/Desktop/TRABALHOS/SMARTUX/CLIENTES/EVOLUTION NUTRITION/evolution/media/catalog/product/optimized/a/6/a6075bdbcf7f5ea71d2b1b491d834ddc/1_whey_protein_-_baunilha.png
2019-10-16T05:27:13+00:00 DEBUG (7): No existing file found with hash d735189d7d9cc9cbd0b2822c59c506b7
2019-10-16T05:27:17+00:00 DEBUG (7): Write to compression Folder : /Users/Vanssiler/Desktop/TRABALHOS/SMARTUX/CLIENTES/EVOLUTION NUTRITION/evolution/media/catalog/product/optimized/f/f/ffe7a66a2aaea4c20b4fe71a79dec2fa/01_frente_4.jpg
2019-10-16T05:27:18+00:00 DEBUG (7): Compressed: 01_frente_4.jpg - Variant: small_image - Size (WxH): 280x - Bytes saved: 1515 - Compressed Before - Path: /Users/Vanssiler/Desktop/TRABALHOS/SMARTUX/CLIENTES/EVOLUTION NUTRITION/evolution/media/catalog/product/optimized/f/f/ffe7a66a2aaea4c20b4fe71a79dec2fa/01_frente_4.jpg
2019-10-16T05:27:18+00:00 DEBUG (7): No existing file found with hash 1c6b80d27f1889bb2e29d213ca305ae3
2019-10-16T05:27:23+00:00 DEBUG (7): Write to compression Folder : /Users/Vanssiler/Desktop/TRABALHOS/SMARTUX/CLIENTES/EVOLUTION NUTRITION/evolution/media/catalog/product/optimized/a/6/a6075bdbcf7f5ea71d2b1b491d834ddc/1_whey_protein_-_morango.png
2019-10-16T05:27:25+00:00 DEBUG (7): Compressed: 1_whey_protein_-_morango.png - Variant: small_image - Size (WxH): 280x - Bytes saved: 79685 - Compressed Before - Path: /Users/Vanssiler/Desktop/TRABALHOS/SMARTUX/CLIENTES/EVOLUTION NUTRITION/evolution/media/catalog/product/optimized/a/6/a6075bdbcf7f5ea71d2b1b491d834ddc/1_whey_protein_-_morango.png
2019-10-16T05:27:25+00:00 DEBUG (7): No existing file found with hash b719ad77559d32a4132c1511536f7973
2019-10-16T05:27:29+00:00 DEBUG (7): Write to compression Folder : /Users/Vanssiler/Desktop/TRABALHOS/SMARTUX/CLIENTES/EVOLUTION NUTRITION/evolution/media/catalog/product/optimized/4/e/4e6e7d2ae5c95cc09e43336c276fa9da/whey_protein_concentrada_e_isolada_2_4kg_evo-napolitano.jpg
2019-10-16T05:27:30+00:00 DEBUG (7): Compressed: whey_protein_concentrada_e_isolada_2_4kg_evo-napolitano.jpg - Variant: small_image - Size (WxH): 280x - Bytes saved: 103 - Compressed Before - Path: /Users/Vanssiler/Desktop/TRABALHOS/SMARTUX/CLIENTES/EVOLUTION NUTRITION/evolution/media/catalog/product/optimized/4/e/4e6e7d2ae5c95cc09e43336c276fa9da/whey_protein_concentrada_e_isolada_2_4kg_evo-napolitano.jpg
2019-10-20T23:29:32+00:00 DEBUG (7): Copying the source file from /Users/Vanssiler/Desktop/TRABALHOS/SMARTUX/CLIENTES/EVOLUTION NUTRITION/evolution/media/catalog/product/optimized/4/e/4e6e7d2ae5c95cc09e43336c276fa9da/whey_protein_isolada_hidrolisada_1kg_evo-original_1.jpg to /Users/Vanssiler/Desktop/TRABALHOS/SMARTUX/CLIENTES/EVOLUTION NUTRITION/evolution/media/catalog/product/cache/1/small_image/280x/85e4522595efc69f496374d01ef2bf13/w/h/whey_protein_isolada_hidrolisada_1kg_evo-original.jpg
2019-10-20T23:29:33+00:00 DEBUG (7): No existing file found with hash 87d1739891048d65f07a1a8aa48cf6fc
2019-10-20T23:29:37+00:00 DEBUG (7): Write to compression Folder : /Users/Vanssiler/Desktop/TRABALHOS/SMARTUX/CLIENTES/EVOLUTION NUTRITION/evolution/media/catalog/product/optimized/4/e/4e6e7d2ae5c95cc09e43336c276fa9da/whey_protein_isolada_hidrolisada_1kg_evo-baunilha.jpg
2019-10-20T23:29:38+00:00 DEBUG (7): Compressed: whey_protein_isolada_hidrolisada_1kg_evo-baunilha.jpg - Variant: small_image - Size (WxH): 280x - Bytes saved: 107 - Compressed Before - Path: /Users/Vanssiler/Desktop/TRABALHOS/SMARTUX/CLIENTES/EVOLUTION NUTRITION/evolution/media/catalog/product/optimized/4/e/4e6e7d2ae5c95cc09e43336c276fa9da/whey_protein_isolada_hidrolisada_1kg_evo-baunilha.jpg
